<ParameterList name="test-automation.shift">
  <ParameterList id="7" name="CORE">
    <Parameter docString="" id="0" isDefault="false" isUsed="true" name="level_0" type="TwoDArray(int)" value="3x3:{5, 0, 5, 1, 2, 3, 5, 4, 5}"/>
    <Parameter docString="" id="1" isDefault="false" isUsed="true" name="axial list" type="Array(string)" value="{level_0}"/>
    <Parameter docString="" id="2" isDefault="false" isUsed="true" name="axial height" type="Array(double)" value="{1.00000000000000000e+00}"/>
    <Parameter docString="" id="3" isDefault="false" isUsed="true" name="corner" type="Array(double)" value="{0.00000000000000000e+00, 0.00000000000000000e+00, 0.00000000000000000e+00}"/>
    <Parameter docString="" id="4" isDefault="false" isUsed="true" name="boundary" type="string" value="reflect"/>
    <ParameterList id="6" name="boundary_db">
      <Parameter docString="" id="5" isDefault="false" isUsed="true" name="reflect" type="Array(int)" value="{1, 1, 1, 1, 1, 1}"/>
    </ParameterList>
  </ParameterList>
  <ParameterList id="15" name="ASSEMBLIES">
    <Parameter docString="" id="8" isDefault="false" isUsed="true" name="assembly_0" type="TwoDArray(int)" value="5x5:{0, 1, 2, 3, 4, 5, 6, 7, 8, 9, 10, 11, 12, 13, 14, 15, 16, 17, 18, 19, 20, 21, 22, 23, 24}"/>
    <Parameter docString="" id="9" isDefault="false" isUsed="true" name="assembly_1" type="TwoDArray(int)" value="5x5:{25, 26, 27, 28, 29, 30, 31, 32, 33, 34, 35, 36, 37, 38, 39, 40, 41, 42, 43, 44, 45, 46, 47, 48, 49}"/>
    <Parameter docString="" id="10" isDefault="false" isUsed="true" name="assembly_2" type="TwoDArray(int)" value="5x5:{50, 51, 52, 53, 54, 55, 56, 57, 58, 59, 60, 61, 62, 63, 64, 65, 66, 67, 68, 69, 70, 71, 72, 73, 74}"/>
    <Parameter docString="" id="11" isDefault="false" isUsed="true" name="assembly_3" type="TwoDArray(int)" value="5x5:{75, 76, 77, 78, 79, 80, 81, 82, 83, 84, 85, 86, 87, 88, 89, 90, 91, 92, 93, 94, 95, 96, 97, 98, 99}"/>
    <Parameter docString="" id="12" isDefault="false" isUsed="true" name="assembly_4" type="TwoDArray(int)" value="5x5:{100, 101, 102, 103, 104, 105, 106, 107, 108, 109, 110, 111, 112, 113, 114, 115, 116, 117, 118, 119, 120, 121, 122, 123, 124}"/>
    <Parameter docString="" id="13" isDefault="false" isUsed="true" name="assembly_5" type="TwoDArray(int)" value="1x1:{125}"/>
    <Parameter docString="" id="14" isDefault="false" isUsed="true" name="assembly list" type="Array(string)" value="{assembly_0, assembly_1, assembly_2, assembly_3, assembly_4, assembly_5}"/>
  </ParameterList>
  <ParameterList id="725" name="PINS">
    <Parameter docString="" id="16" isDefault="true" isUsed="true" name="pin list" type="Array(string)" value="{pin_0, pin_1, pin_2, pin_3, pin_4, pin_5, pin_6, pin_7, pin_8, pin_9, pin_10, pin_11, pin_12, pin_13, pin_14, pin_15, pin_16, pin_17, pin_18, pin_19, pin_20, pin_21, pin_22, pin_23, pin_24, pin_25, pin_26, pin_27, pin_28, pin_29, pin_30, pin_31, pin_32, pin_33, pin_34, pin_35, pin_36, pin_37, pin_38, pin_39, pin_40, pin_41, pin_42, pin_43, pin_44, pin_45, pin_46, pin_47, pin_48, pin_49, pin_50, pin_51, pin_52, pin_53, pin_54, pin_55, pin_56, pin_57, pin_58, pin_59, pin_60, pin_61, pin_62, pin_63, pin_64, pin_65, pin_66, pin_67, pin_68, pin_69, pin_70, pin_71, pin_72, pin_73, pin_74, pin_75, pin_76, pin_77, pin_78, pin_79, pin_80, pin_81, pin_82, pin_83, pin_84, pin_85, pin_86, pin_87, pin_88, pin_89, pin_90, pin_91, pin_92, pin_93, pin_94, pin_95, pin_96, pin_97, pin_98, pin_99, pin_100, pin_101, pin_102, pin_103, pin_104, pin_105, pin_106, pin_107, pin_108, pin_109, pin_110, pin_111, pin_112, pin_113, pin_114, pin_115, pin_116, pin_117, pin_118, pin_119, pin_120, pin_121, pin_122, pin_123, pin_124, pin_125}"/>
    <ParameterList id="22" name="pin_0">
      <Parameter docString="" id="17" isDefault="false" isUsed="true" name="gap" type="Array(double)" value="{1.00000000000000089e-01, 0.00000000000000000e+00, 1.00000000000000089e-01, 0.00000000000000000e+00}"/>
      <Parameter docString="" id="18" isDefault="false" isUsed="true" name="pitch" type="double" value="1.26000000000000001e+00"/>
      <Parameter docString="" id="19" isDefault="false" isUsed="true" name="radii" type="Array(double)" value="{4.09600000000000020e-01, 4.17999999999999983e-01, 4.74999999999999978e-01}"/>
      <Parameter docString="" id="20" isDefault="false" isUsed="true" name="radial matids" type="Array(int)" value="{99, 100, 101}"/>
      <Parameter docString="" id="21" isDefault="false" isUsed="true" name="matid" type="int" value="102"/>
    </ParameterList>
    <ParameterList id="28" name="pin_1">
      <Parameter docString="" id="23" isDefault="false" isUsed="true" name="gap" type="Array(double)" value="{-0.00000000000000000e+00, 0.00000000000000000e+00, 1.00000000000000089e-01, 0.00000000000000000e+00}"/>
      <Parameter docString="" id="24" isDefault="false" isUsed="true" name="pitch" type="double" value="1.26000000000000001e+00"/>
      <Parameter docString="" id="25" isDefault="false" isUsed="true" name="radii" type="Array(double)" value="{4.09600000000000020e-01, 4.17999999999999983e-01, 4.74999999999999978e-01}"/>
      <Parameter docString="" id="26" isDefault="false" isUsed="true" name="radial matids" type="Array(int)" value="{119, 120, 121}"/>
      <Parameter docString="" id="27" isDefault="false" isUsed="true" name="matid" type="int" value="122"/>
    </ParameterList>
    <ParameterList id="34" name="pin_2">
      <Parameter docString="" id="29" isDefault="false" isUsed="true" name="gap" type="Array(double)" value="{-0.00000000000000000e+00, 0.00000000000000000e+00, 1.00000000000000089e-01, 0.00000000000000000e+00}"/>
      <Parameter docString="" id="30" isDefault="false" isUsed="true" name="pitch" type="double" value="1.26000000000000001e+00"/>
      <Parameter docString="" id="31" isDefault="false" isUsed="true" name="radii" type="Array(double)" value="{4.09600000000000020e-01, 4.17999999999999983e-01, 4.74999999999999978e-01}"/>
      <Parameter docString="" id="32" isDefault="false" isUsed="true" name="radial matids" type="Array(int)" value="{139, 140, 141}"/>
      <Parameter docString="" id="33" isDefault="false" isUsed="true" name="matid" type="int" value="142"/>
    </ParameterList>
    <ParameterList id="40" name="pin_3">
      <Parameter docString="" id="35" isDefault="false" isUsed="true" name="gap" type="Array(double)" value="{-0.00000000000000000e+00, 0.00000000000000000e+00, 1.00000000000000089e-01, 0.00000000000000000e+00}"/>
      <Parameter docString="" id="36" isDefault="false" isUsed="true" name="pitch" type="double" value="1.26000000000000001e+00"/>
      <Parameter docString="" id="37" isDefault="false" isUsed="true" name="radii" type="Array(double)" value="{2.50000000000000000e-01}"/>
      <Parameter docString="" id="38" isDefault="false" isUsed="true" name="radial matids" type="Array(int)" value="{159}"/>
      <Parameter docString="" id="39" isDefault="false" isUsed="true" name="matid" type="int" value="160"/>
    </ParameterList>
    <ParameterList id="46" name="pin_4">
      <Parameter docString="" id="41" isDefault="false" isUsed="true" name="gap" type="Array(double)" value="{0.00000000000000000e+00, 1.00000000000000089e-01, 1.00000000000000089e-01, 0.00000000000000000e+00}"/>
      <Parameter docString="" id="42" isDefault="false" isUsed="true" name="pitch" type="double" value="1.26000000000000001e+00"/>
      <Parameter docString="" id="43" isDefault="false" isUsed="true" name="radii" type="Array(double)" value="{4.09600000000000020e-01, 4.17999999999999983e-01, 4.74999999999999978e-01}"/>
      <Parameter docString="" id="44" isDefault="false" isUsed="true" name="radial matids" type="Array(int)" value="{177, 178, 179}"/>
      <Parameter docString="" id="45" isDefault="false" isUsed="true" name="matid" type="int" value="180"/>
    </ParameterList>
    <ParameterList id="52" name="pin_5">
      <Parameter docString="" id="47" isDefault="false" isUsed="true" name="gap" type="Array(double)" value="{1.00000000000000089e-01, 0.00000000000000000e+00, -0.00000000000000000e+00, 0.00000000000000000e+00}"/>
      <Parameter docString="" id="48" isDefault="false" isUsed="true" name="pitch" type="double" value="1.26000000000000001e+00"/>
      <Parameter docString="" id="49" isDefault="false" isUsed="true" name="radii" type="Array(double)" value="{4.09600000000000020e-01, 4.17999999999999983e-01, 4.74999999999999978e-01}"/>
      <Parameter docString="" id="50" isDefault="false" isUsed="true" name="radial matids" type="Array(int)" value="{103, 104, 105}"/>
      <Parameter docString="" id="51" isDefault="false" isUsed="true" name="matid" type="int" value="106"/>
    </ParameterList>
    <ParameterList id="57" name="pin_6">
      <Parameter docString="" id="53" isDefault="false" isUsed="true" name="pitch" type="double" value="1.26000000000000001e+00"/>
      <Parameter docString="" id="54" isDefault="false" isUsed="true" name="radii" type="Array(double)" value="{4.09600000000000020e-01, 4.17999999999999983e-01, 4.74999999999999978e-01}"/>
      <Parameter docString="" id="55" isDefault="false" isUsed="true" name="radial matids" type="Array(int)" value="{123, 124, 125}"/>
      <Parameter docString="" id="56" isDefault="false" isUsed="true" name="matid" type="int" value="126"/>
    </ParameterList>
    <ParameterList id="62" name="pin_7">
      <Parameter docString="" id="58" isDefault="false" isUsed="true" name="pitch" type="double" value="1.26000000000000001e+00"/>
      <Parameter docString="" id="59" isDefault="false" isUsed="true" name="radii" type="Array(double)" value="{4.09600000000000020e-01, 4.17999999999999983e-01, 4.74999999999999978e-01}"/>
      <Parameter docString="" id="60" isDefault="false" isUsed="true" name="radial matids" type="Array(int)" value="{143, 144, 145}"/>
      <Parameter docString="" id="61" isDefault="false" isUsed="true" name="matid" type="int" value="146"/>
    </ParameterList>
    <ParameterList id="67" name="pin_8">
      <Parameter docString="" id="63" isDefault="false" isUsed="true" name="pitch" type="double" value="1.26000000000000001e+00"/>
      <Parameter docString="" id="64" isDefault="false" isUsed="true" name="radii" type="Array(double)" value="{4.09600000000000020e-01, 4.17999999999999983e-01, 4.74999999999999978e-01}"/>
      <Parameter docString="" id="65" isDefault="false" isUsed="true" name="radial matids" type="Array(int)" value="{161, 162, 163}"/>
      <Parameter docString="" id="66" isDefault="false" isUsed="true" name="matid" type="int" value="164"/>
    </ParameterList>
    <ParameterList id="73" name="pin_9">
      <Parameter docString="" id="68" isDefault="false" isUsed="true" name="gap" type="Array(double)" value="{0.00000000000000000e+00, 1.00000000000000089e-01, -0.00000000000000000e+00, 0.00000000000000000e+00}"/>
      <Parameter docString="" id="69" isDefault="false" isUsed="true" name="pitch" type="double" value="1.26000000000000001e+00"/>
      <Parameter docString="" id="70" isDefault="false" isUsed="true" name="radii" type="Array(double)" value="{4.09600000000000020e-01, 4.17999999999999983e-01, 4.74999999999999978e-01}"/>
      <Parameter docString="" id="71" isDefault="false" isUsed="true" name="radial matids" type="Array(int)" value="{181, 182, 183}"/>
      <Parameter docString="" id="72" isDefault="false" isUsed="true" name="matid" type="int" value="184"/>
    </ParameterList>
    <ParameterList id="79" name="pin_10">
      <Parameter docString="" id="74" isDefault="false" isUsed="true" name="gap" type="Array(double)" value="{1.00000000000000089e-01, 0.00000000000000000e+00, -0.00000000000000000e+00, 0.00000000000000000e+00}"/>
      <Parameter docString="" id="75" isDefault="false" isUsed="true" name="pitch" type="double" value="1.26000000000000001e+00"/>
      <Parameter docString="" id="76" isDefault="false" isUsed="true" name="radii" type="Array(double)" value="{4.09600000000000020e-01, 4.17999999999999983e-01, 4.74999999999999978e-01}"/>
      <Parameter docString="" id="77" isDefault="false" isUsed="true" name="radial matids" type="Array(int)" value="{107, 108, 109}"/>
      <Parameter docString="" id="78" isDefault="false" isUsed="true" name="matid" type="int" value="110"/>
    </ParameterList>
    <ParameterList id="84" name="pin_11">
      <Parameter docString="" id="80" isDefault="false" isUsed="true" name="pitch" type="double" value="1.26000000000000001e+00"/>
      <Parameter docString="" id="81" isDefault="false" isUsed="true" name="radii" type="Array(double)" value="{4.09600000000000020e-01, 4.17999999999999983e-01, 4.74999999999999978e-01}"/>
      <Parameter docString="" id="82" isDefault="false" isUsed="true" name="radial matids" type="Array(int)" value="{127, 128, 129}"/>
      <Parameter docString="" id="83" isDefault="false" isUsed="true" name="matid" type="int" value="130"/>
    </ParameterList>
    <ParameterList id="89" name="pin_12">
      <Parameter docString="" id="85" isDefault="false" isUsed="true" name="pitch" type="double" value="1.26000000000000001e+00"/>
      <Parameter docString="" id="86" isDefault="false" isUsed="true" name="radii" type="Array(double)" value="{4.09600000000000020e-01, 4.17999999999999983e-01, 4.74999999999999978e-01}"/>
      <Parameter docString="" id="87" isDefault="false" isUsed="true" name="radial matids" type="Array(int)" value="{147, 148, 149}"/>
      <Parameter docString="" id="88" isDefault="false" isUsed="true" name="matid" type="int" value="150"/>
    </ParameterList>
    <ParameterList id="94" name="pin_13">
      <Parameter docString="" id="90" isDefault="false" isUsed="true" name="pitch" type="double" value="1.26000000000000001e+00"/>
      <Parameter docString="" id="91" isDefault="false" isUsed="true" name="radii" type="Array(double)" value="{4.09600000000000020e-01, 4.17999999999999983e-01, 4.74999999999999978e-01}"/>
      <Parameter docString="" id="92" isDefault="false" isUsed="true" name="radial matids" type="Array(int)" value="{165, 166, 167}"/>
      <Parameter docString="" id="93" isDefault="false" isUsed="true" name="matid" type="int" value="168"/>
    </ParameterList>
    <ParameterList id="100" name="pin_14">
      <Parameter docString="" id="95" isDefault="false" isUsed="true" name="gap" type="Array(double)" value="{0.00000000000000000e+00, 1.00000000000000089e-01, -0.00000000000000000e+00, 0.00000000000000000e+00}"/>
      <Parameter docString="" id="96" isDefault="false" isUsed="true" name="pitch" type="double" value="1.26000000000000001e+00"/>
      <Parameter docString="" id="97" isDefault="false" isUsed="true" name="radii" type="Array(double)" value="{4.09600000000000020e-01, 4.17999999999999983e-01, 4.74999999999999978e-01}"/>
      <Parameter docString="" id="98" isDefault="false" isUsed="true" name="radial matids" type="Array(int)" value="{185, 186, 187}"/>
      <Parameter docString="" id="99" isDefault="false" isUsed="true" name="matid" type="int" value="188"/>
    </ParameterList>
    <ParameterList id="106" name="pin_15">
      <Parameter docString="" id="101" isDefault="false" isUsed="true" name="gap" type="Array(double)" value="{1.00000000000000089e-01, 0.00000000000000000e+00, -0.00000000000000000e+00, 0.00000000000000000e+00}"/>
      <Parameter docString="" id="102" isDefault="false" isUsed="true" name="pitch" type="double" value="1.26000000000000001e+00"/>
      <Parameter docString="" id="103" isDefault="false" isUsed="true" name="radii" type="Array(double)" value="{4.09600000000000020e-01, 4.17999999999999983e-01, 4.74999999999999978e-01}"/>
      <Parameter docString="" id="104" isDefault="false" isUsed="true" name="radial matids" type="Array(int)" value="{111, 112, 113}"/>
      <Parameter docString="" id="105" isDefault="false" isUsed="true" name="matid" type="int" value="114"/>
    </ParameterList>
    <ParameterList id="111" name="pin_16">
      <Parameter docString="" id="107" isDefault="false" isUsed="true" name="pitch" type="double" value="1.26000000000000001e+00"/>
      <Parameter docString="" id="108" isDefault="false" isUsed="true" name="radii" type="Array(double)" value="{4.09600000000000020e-01, 4.17999999999999983e-01, 4.74999999999999978e-01}"/>
      <Parameter docString="" id="109" isDefault="false" isUsed="true" name="radial matids" type="Array(int)" value="{131, 132, 133}"/>
      <Parameter docString="" id="110" isDefault="false" isUsed="true" name="matid" type="int" value="134"/>
    </ParameterList>
    <ParameterList id="116" name="pin_17">
      <Parameter docString="" id="112" isDefault="false" isUsed="true" name="pitch" type="double" value="1.26000000000000001e+00"/>
      <Parameter docString="" id="113" isDefault="false" isUsed="true" name="radii" type="Array(double)" value="{4.09600000000000020e-01, 4.17999999999999983e-01, 4.74999999999999978e-01}"/>
      <Parameter docString="" id="114" isDefault="false" isUsed="true" name="radial matids" type="Array(int)" value="{151, 152, 153}"/>
      <Parameter docString="" id="115" isDefault="false" isUsed="true" name="matid" type="int" value="154"/>
    </ParameterList>
    <ParameterList id="121" name="pin_18">
      <Parameter docString="" id="117" isDefault="false" isUsed="true" name="pitch" type="double" value="1.26000000000000001e+00"/>
      <Parameter docString="" id="118" isDefault="false" isUsed="true" name="radii" type="Array(double)" value="{4.09600000000000020e-01, 4.17999999999999983e-01, 4.74999999999999978e-01}"/>
      <Parameter docString="" id="119" isDefault="false" isUsed="true" name="radial matids" type="Array(int)" value="{169, 170, 171}"/>
      <Parameter docString="" id="120" isDefault="false" isUsed="true" name="matid" type="int" value="172"/>
    </ParameterList>
    <ParameterList id="127" name="pin_19">
      <Parameter docString="" id="122" isDefault="false" isUsed="true" name="gap" type="Array(double)" value="{0.00000000000000000e+00, 1.00000000000000089e-01, -0.00000000000000000e+00, 0.00000000000000000e+00}"/>
      <Parameter docString="" id="123" isDefault="false" isUsed="true" name="pitch" type="double" value="1.26000000000000001e+00"/>
      <Parameter docString="" id="124" isDefault="false" isUsed="true" name="radii" type="Array(double)" value="{4.09600000000000020e-01, 4.17999999999999983e-01, 4.74999999999999978e-01}"/>
      <Parameter docString="" id="125" isDefault="false" isUsed="true" name="radial matids" type="Array(int)" value="{189, 190, 191}"/>
      <Parameter docString="" id="126" isDefault="false" isUsed="true" name="matid" type="int" value="192"/>
    </ParameterList>
    <ParameterList id="133" name="pin_20">
      <Parameter docString="" id="128" isDefault="false" isUsed="true" name="gap" type="Array(double)" value="{1.00000000000000089e-01, 0.00000000000000000e+00, 0.00000000000000000e+00, 1.00000000000000089e-01}"/>
      <Parameter docString="" id="129" isDefault="false" isUsed="true" name="pitch" type="double" value="1.26000000000000001e+00"/>
      <Parameter docString="" id="130" isDefault="false" isUsed="true" name="radii" type="Array(double)" value="{4.09600000000000020e-01, 4.17999999999999983e-01, 4.74999999999999978e-01}"/>
      <Parameter docString="" id="131" isDefault="false" isUsed="true" name="radial matids" type="Array(int)" value="{115, 116, 117}"/>
      <Parameter docString="" id="132" isDefault="false" isUsed="true" name="matid" type="int" value="118"/>
    </ParameterList>
    <ParameterList id="139" name="pin_21">
      <Parameter docString="" id="134" isDefault="false" isUsed="true" name="gap" type="Array(double)" value="{-0.00000000000000000e+00, 0.00000000000000000e+00, 0.00000000000000000e+00, 1.00000000000000089e-01}"/>
      <Parameter docString="" id="135" isDefault="false" isUsed="true" name="pitch" type="double" value="1.26000000000000001e+00"/>
      <Parameter docString="" id="136" isDefault="false" isUsed="true" name="radii" type="Array(double)" value="{4.09600000000000020e-01, 4.17999999999999983e-01, 4.74999999999999978e-01}"/>
      <Parameter docString="" id="137" isDefault="false" isUsed="true" name="radial matids" type="Array(int)" value="{135, 136, 137}"/>
      <Parameter docString="" id="138" isDefault="false" isUsed="true" name="matid" type="int" value="138"/>
    </ParameterList>
    <ParameterList id="145" name="pin_22">
      <Parameter docString="" id="140" isDefault="false" isUsed="true" name="gap" type="Array(double)" value="{-0.00000000000000000e+00, 0.00000000000000000e+00, 0.00000000000000000e+00, 1.00000000000000089e-01}"/>
      <Parameter docString="" id="141" isDefault="false" isUsed="true" name="pitch" type="double" value="1.26000000000000001e+00"/>
      <Parameter docString="" id="142" isDefault="false" isUsed="true" name="radii" type="Array(double)" value="{4.09600000000000020e-01, 4.17999999999999983e-01, 4.74999999999999978e-01}"/>
      <Parameter docString="" id="143" isDefault="false" isUsed="true" name="radial matids" type="Array(int)" value="{155, 156, 157}"/>
      <Parameter docString="" id="144" isDefault="false" isUsed="true" name="matid" type="int" value="158"/>
    </ParameterList>
    <ParameterList id="151" name="pin_23">
      <Parameter docString="" id="146" isDefault="false" isUsed="true" name="gap" type="Array(double)" value="{-0.00000000000000000e+00, 0.00000000000000000e+00, 0.00000000000000000e+00, 1.00000000000000089e-01}"/>
      <Parameter docString="" id="147" isDefault="false" isUsed="true" name="pitch" type="double" value="1.26000000000000001e+00"/>
      <Parameter docString="" id="148" isDefault="false" isUsed="true" name="radii" type="Array(double)" value="{4.09600000000000020e-01, 4.17999999999999983e-01, 4.74999999999999978e-01}"/>
      <Parameter docString="" id="149" isDefault="false" isUsed="true" name="radial matids" type="Array(int)" value="{173, 174, 175}"/>
      <Parameter docString="" id="150" isDefault="false" isUsed="true" name="matid" type="int" value="176"/>
    </ParameterList>
    <ParameterList id="157" name="pin_24">
      <Parameter docString="" id="152" isDefault="false" isUsed="true" name="gap" type="Array(double)" value="{0.00000000000000000e+00, 1.00000000000000089e-01, 0.00000000000000000e+00, 1.00000000000000089e-01}"/>
      <Parameter docString="" id="153" isDefault="false" isUsed="true" name="pitch" type="double" value="1.26000000000000001e+00"/>
      <Parameter docString="" id="154" isDefault="false" isUsed="true" name="radii" type="Array(double)" value="{4.09600000000000020e-01, 4.17999999999999983e-01, 4.74999999999999978e-01}"/>
      <Parameter docString="" id="155" isDefault="false" isUsed="true" name="radial matids" type="Array(int)" value="{193, 194, 195}"/>
      <Parameter docString="" id="156" isDefault="false" isUsed="true" name="matid" type="int" value="196"/>
    </ParameterList>
    <ParameterList id="163" name="pin_25">
      <Parameter docString="" id="158" isDefault="false" isUsed="true" name="gap" type="Array(double)" value="{1.00000000000000089e-01, 0.00000000000000000e+00, 1.00000000000000089e-01, 0.00000000000000000e+00}"/>
      <Parameter docString="" id="159" isDefault="false" isUsed="true" name="pitch" type="double" value="1.26000000000000001e+00"/>
      <Parameter docString="" id="160" isDefault="false" isUsed="true" name="radii" type="Array(double)" value="{4.09600000000000020e-01, 4.17999999999999983e-01, 4.74999999999999978e-01}"/>
      <Parameter docString="" id="161" isDefault="false" isUsed="true" name="radial matids" type="Array(int)" value="{1, 2, 3}"/>
      <Parameter docString="" id="162" isDefault="false" isUsed="true" name="matid" type="int" value="4"/>
    </ParameterList>
    <ParameterList id="169" name="pin_26">
      <Parameter docString="" id="164" isDefault="false" isUsed="true" name="gap" type="Array(double)" value="{-0.00000000000000000e+00, 0.00000000000000000e+00, 1.00000000000000089e-01, 0.00000000000000000e+00}"/>
      <Parameter docString="" id="165" isDefault="false" isUsed="true" name="pitch" type="double" value="1.26000000000000001e+00"/>
      <Parameter docString="" id="166" isDefault="false" isUsed="true" name="radii" type="Array(double)" value="{4.09600000000000020e-01, 4.17999999999999983e-01, 4.74999999999999978e-01}"/>
      <Parameter docString="" id="167" isDefault="false" isUsed="true" name="radial matids" type="Array(int)" value="{21, 22, 23}"/>
      <Parameter docString="" id="168" isDefault="false" isUsed="true" name="matid" type="int" value="24"/>
    </ParameterList>
    <ParameterList id="175" name="pin_27">
      <Parameter docString="" id="170" isDefault="false" isUsed="true" name="gap" type="Array(double)" value="{-0.00000000000000000e+00, 0.00000000000000000e+00, 1.00000000000000089e-01, 0.00000000000000000e+00}"/>
      <Parameter docString="" id="171" isDefault="false" isUsed="true" name="pitch" type="double" value="1.26000000000000001e+00"/>
      <Parameter docString="" id="172" isDefault="false" isUsed="true" name="radii" type="Array(double)" value="{4.09600000000000020e-01, 4.17999999999999983e-01, 4.74999999999999978e-01}"/>
      <Parameter docString="" id="173" isDefault="false" isUsed="true" name="radial matids" type="Array(int)" value="{41, 42, 43}"/>
      <Parameter docString="" id="174" isDefault="false" isUsed="true" name="matid" type="int" value="44"/>
    </ParameterList>
    <ParameterList id="181" name="pin_28">
      <Parameter docString="" id="176" isDefault="false" isUsed="true" name="gap" type="Array(double)" value="{-0.00000000000000000e+00, 0.00000000000000000e+00, 1.00000000000000089e-01, 0.00000000000000000e+00}"/>
      <Parameter docString="" id="177" isDefault="false" isUsed="true" name="pitch" type="double" value="1.26000000000000001e+00"/>
      <Parameter docString="" id="178" isDefault="false" isUsed="true" name="radii" type="Array(double)" value="{2.50000000000000000e-01}"/>
      <Parameter docString="" id="179" isDefault="false" isUsed="true" name="radial matids" type="Array(int)" value="{61}"/>
      <Parameter docString="" id="180" isDefault="false" isUsed="true" name="matid" type="int" value="62"/>
    </ParameterList>
    <ParameterList id="187" name="pin_29">
      <Parameter docString="" id="182" isDefault="false" isUsed="true" name="gap" type="Array(double)" value="{0.00000000000000000e+00, 1.00000000000000089e-01, 1.00000000000000089e-01, 0.00000000000000000e+00}"/>
      <Parameter docString="" id="183" isDefault="false" isUsed="true" name="pitch" type="double" value="1.26000000000000001e+00"/>
      <Parameter docString="" id="184" isDefault="false" isUsed="true" name="radii" type="Array(double)" value="{4.09600000000000020e-01, 4.17999999999999983e-01, 4.74999999999999978e-01}"/>
      <Parameter docString="" id="185" isDefault="false" isUsed="true" name="radial matids" type="Array(int)" value="{79, 80, 81}"/>
      <Parameter docString="" id="186" isDefault="false" isUsed="true" name="matid" type="int" value="82"/>
    </ParameterList>
    <ParameterList id="193" name="pin_30">
      <Parameter docString="" id="188" isDefault="false" isUsed="true" name="gap" type="Array(double)" value="{1.00000000000000089e-01, 0.00000000000000000e+00, -0.00000000000000000e+00, 0.00000000000000000e+00}"/>
      <Parameter docString="" id="189" isDefault="false" isUsed="true" name="pitch" type="double" value="1.26000000000000001e+00"/>
      <Parameter docString="" id="190" isDefault="false" isUsed="true" name="radii" type="Array(double)" value="{4.09600000000000020e-01, 4.17999999999999983e-01, 4.74999999999999978e-01}"/>
      <Parameter docString="" id="191" isDefault="false" isUsed="true" name="radial matids" type="Array(int)" value="{5, 6, 7}"/>
      <Parameter docString="" id="192" isDefault="false" isUsed="true" name="matid" type="int" value="8"/>
    </ParameterList>
    <ParameterList id="198" name="pin_31">
      <Parameter docString="" id="194" isDefault="false" isUsed="true" name="pitch" type="double" value="1.26000000000000001e+00"/>
      <Parameter docString="" id="195" isDefault="false" isUsed="true" name="radii" type="Array(double)" value="{4.09600000000000020e-01, 4.17999999999999983e-01, 4.74999999999999978e-01}"/>
      <Parameter docString="" id="196" isDefault="false" isUsed="true" name="radial matids" type="Array(int)" value="{25, 26, 27}"/>
      <Parameter docString="" id="197" isDefault="false" isUsed="true" name="matid" type="int" value="28"/>
    </ParameterList>
    <ParameterList id="203" name="pin_32">
      <Parameter docString="" id="199" isDefault="false" isUsed="true" name="pitch" type="double" value="1.26000000000000001e+00"/>
      <Parameter docString="" id="200" isDefault="false" isUsed="true" name="radii" type="Array(double)" value="{4.09600000000000020e-01, 4.17999999999999983e-01, 4.74999999999999978e-01}"/>
      <Parameter docString="" id="201" isDefault="false" isUsed="true" name="radial matids" type="Array(int)" value="{45, 46, 47}"/>
      <Parameter docString="" id="202" isDefault="false" isUsed="true" name="matid" type="int" value="48"/>
    </ParameterList>
    <ParameterList id="208" name="pin_33">
      <Parameter docString="" id="204" isDefault="false" isUsed="true" name="pitch" type="double" value="1.26000000000000001e+00"/>
      <Parameter docString="" id="205" isDefault="false" isUsed="true" name="radii" type="Array(double)" value="{4.09600000000000020e-01, 4.17999999999999983e-01, 4.74999999999999978e-01}"/>
      <Parameter docString="" id="206" isDefault="false" isUsed="true" name="radial matids" type="Array(int)" value="{63, 64, 65}"/>
      <Parameter docString="" id="207" isDefault="false" isUsed="true" name="matid" type="int" value="66"/>
    </ParameterList>
    <ParameterList id="214" name="pin_34">
      <Parameter docString="" id="209" isDefault="false" isUsed="true" name="gap" type="Array(double)" value="{0.00000000000000000e+00, 1.00000000000000089e-01, -0.00000000000000000e+00, 0.00000000000000000e+00}"/>
      <Parameter docString="" id="210" isDefault="false" isUsed="true" name="pitch" type="double" value="1.26000000000000001e+00"/>
      <Parameter docString="" id="211" isDefault="false" isUsed="true" name="radii" type="Array(double)" value="{4.09600000000000020e-01, 4.17999999999999983e-01, 4.74999999999999978e-01}"/>
      <Parameter docString="" id="212" isDefault="false" isUsed="true" name="radial matids" type="Array(int)" value="{83, 84, 85}"/>
      <Parameter docString="" id="213" isDefault="false" isUsed="true" name="matid" type="int" value="86"/>
    </ParameterList>
    <ParameterList id="220" name="pin_35">
      <Parameter docString="" id="215" isDefault="false" isUsed="true" name="gap" type="Array(double)" value="{1.00000000000000089e-01, 0.00000000000000000e+00, -0.00000000000000000e+00, 0.00000000000000000e+00}"/>
      <Parameter docString="" id="216" isDefault="false" isUsed="true" name="pitch" type="double" value="1.26000000000000001e+00"/>
      <Parameter docString="" id="217" isDefault="false" isUsed="true" name="radii" type="Array(double)" value="{4.09600000000000020e-01, 4.17999999999999983e-01, 4.74999999999999978e-01}"/>
      <Parameter docString="" id="218" isDefault="false" isUsed="true" name="radial matids" type="Array(int)" value="{9, 10, 11}"/>
      <Parameter docString="" id="219" isDefault="false" isUsed="true" name="matid" type="int" value="12"/>
    </ParameterList>
    <ParameterList id="225" name="pin_36">
      <Parameter docString="" id="221" isDefault="false" isUsed="true" name="pitch" type="double" value="1.26000000000000001e+00"/>
      <Parameter docString="" id="222" isDefault="false" isUsed="true" name="radii" type="Array(double)" value="{4.09600000000000020e-01, 4.17999999999999983e-01, 4.74999999999999978e-01}"/>
      <Parameter docString="" id="223" isDefault="false" isUsed="true" name="radial matids" type="Array(int)" value="{29, 30, 31}"/>
      <Parameter docString="" id="224" isDefault="false" isUsed="true" name="matid" type="int" value="32"/>
    </ParameterList>
    <ParameterList id="230" name="pin_37">
      <Parameter docString="" id="226" isDefault="false" isUsed="true" name="pitch" type="double" value="1.26000000000000001e+00"/>
      <Parameter docString="" id="227" isDefault="false" isUsed="true" name="radii" type="Array(double)" value="{4.09600000000000020e-01, 4.17999999999999983e-01, 4.74999999999999978e-01}"/>
      <Parameter docString="" id="228" isDefault="false" isUsed="true" name="radial matids" type="Array(int)" value="{49, 50, 51}"/>
      <Parameter docString="" id="229" isDefault="false" isUsed="true" name="matid" type="int" value="52"/>
    </ParameterList>
    <ParameterList id="235" name="pin_38">
      <Parameter docString="" id="231" isDefault="false" isUsed="true" name="pitch" type="double" value="1.26000000000000001e+00"/>
      <Parameter docString="" id="232" isDefault="false" isUsed="true" name="radii" type="Array(double)" value="{4.09600000000000020e-01, 4.17999999999999983e-01, 4.74999999999999978e-01}"/>
      <Parameter docString="" id="233" isDefault="false" isUsed="true" name="radial matids" type="Array(int)" value="{67, 68, 69}"/>
      <Parameter docString="" id="234" isDefault="false" isUsed="true" name="matid" type="int" value="70"/>
    </ParameterList>
    <ParameterList id="241" name="pin_39">
      <Parameter docString="" id="236" isDefault="false" isUsed="true" name="gap" type="Array(double)" value="{0.00000000000000000e+00, 1.00000000000000089e-01, -0.00000000000000000e+00, 0.00000000000000000e+00}"/>
      <Parameter docString="" id="237" isDefault="false" isUsed="true" name="pitch" type="double" value="1.26000000000000001e+00"/>
      <Parameter docString="" id="238" isDefault="false" isUsed="true" name="radii" type="Array(double)" value="{4.09600000000000020e-01, 4.17999999999999983e-01, 4.74999999999999978e-01}"/>
      <Parameter docString="" id="239" isDefault="false" isUsed="true" name="radial matids" type="Array(int)" value="{87, 88, 89}"/>
      <Parameter docString="" id="240" isDefault="false" isUsed="true" name="matid" type="int" value="90"/>
    </ParameterList>
    <ParameterList id="247" name="pin_40">
      <Parameter docString="" id="242" isDefault="false" isUsed="true" name="gap" type="Array(double)" value="{1.00000000000000089e-01, 0.00000000000000000e+00, -0.00000000000000000e+00, 0.00000000000000000e+00}"/>
      <Parameter docString="" id="243" isDefault="false" isUsed="true" name="pitch" type="double" value="1.26000000000000001e+00"/>
      <Parameter docString="" id="244" isDefault="false" isUsed="true" name="radii" type="Array(double)" value="{4.09600000000000020e-01, 4.17999999999999983e-01, 4.74999999999999978e-01}"/>
      <Parameter docString="" id="245" isDefault="false" isUsed="true" name="radial matids" type="Array(int)" value="{13, 14, 15}"/>
      <Parameter docString="" id="246" isDefault="false" isUsed="true" name="matid" type="int" value="16"/>
    </ParameterList>
    <ParameterList id="252" name="pin_41">
      <Parameter docString="" id="248" isDefault="false" isUsed="true" name="pitch" type="double" value="1.26000000000000001e+00"/>
      <Parameter docString="" id="249" isDefault="false" isUsed="true" name="radii" type="Array(double)" value="{4.09600000000000020e-01, 4.17999999999999983e-01, 4.74999999999999978e-01}"/>
      <Parameter docString="" id="250" isDefault="false" isUsed="true" name="radial matids" type="Array(int)" value="{33, 34, 35}"/>
      <Parameter docString="" id="251" isDefault="false" isUsed="true" name="matid" type="int" value="36"/>
    </ParameterList>
    <ParameterList id="257" name="pin_42">
      <Parameter docString="" id="253" isDefault="false" isUsed="true" name="pitch" type="double" value="1.26000000000000001e+00"/>
      <Parameter docString="" id="254" isDefault="false" isUsed="true" name="radii" type="Array(double)" value="{4.09600000000000020e-01, 4.17999999999999983e-01, 4.74999999999999978e-01}"/>
      <Parameter docString="" id="255" isDefault="false" isUsed="true" name="radial matids" type="Array(int)" value="{53, 54, 55}"/>
      <Parameter docString="" id="256" isDefault="false" isUsed="true" name="matid" type="int" value="56"/>
    </ParameterList>
    <ParameterList id="262" name="pin_43">
      <Parameter docString="" id="258" isDefault="false" isUsed="true" name="pitch" type="double" value="1.26000000000000001e+00"/>
      <Parameter docString="" id="259" isDefault="false" isUsed="true" name="radii" type="Array(double)" value="{4.09600000000000020e-01, 4.17999999999999983e-01, 4.74999999999999978e-01}"/>
      <Parameter docString="" id="260" isDefault="false" isUsed="true" name="radial matids" type="Array(int)" value="{71, 72, 73}"/>
      <Parameter docString="" id="261" isDefault="false" isUsed="true" name="matid" type="int" value="74"/>
    </ParameterList>
    <ParameterList id="268" name="pin_44">
      <Parameter docString="" id="263" isDefault="false" isUsed="true" name="gap" type="Array(double)" value="{0.00000000000000000e+00, 1.00000000000000089e-01, -0.00000000000000000e+00, 0.00000000000000000e+00}"/>
      <Parameter docString="" id="264" isDefault="false" isUsed="true" name="pitch" type="double" value="1.26000000000000001e+00"/>
      <Parameter docString="" id="265" isDefault="false" isUsed="true" name="radii" type="Array(double)" value="{4.09600000000000020e-01, 4.17999999999999983e-01, 4.74999999999999978e-01}"/>
      <Parameter docString="" id="266" isDefault="false" isUsed="true" name="radial matids" type="Array(int)" value="{91, 92, 93}"/>
      <Parameter docString="" id="267" isDefault="false" isUsed="true" name="matid" type="int" value="94"/>
    </ParameterList>
    <ParameterList id="274" name="pin_45">
      <Parameter docString="" id="269" isDefault="false" isUsed="true" name="gap" type="Array(double)" value="{1.00000000000000089e-01, 0.00000000000000000e+00, 0.00000000000000000e+00, 1.00000000000000089e-01}"/>
      <Parameter docString="" id="270" isDefault="false" isUsed="true" name="pitch" type="double" value="1.26000000000000001e+00"/>
      <Parameter docString="" id="271" isDefault="false" isUsed="true" name="radii" type="Array(double)" value="{4.09600000000000020e-01, 4.17999999999999983e-01, 4.74999999999999978e-01}"/>
      <Parameter docString="" id="272" isDefault="false" isUsed="true" name="radial matids" type="Array(int)" value="{17, 18, 19}"/>
      <Parameter docString="" id="273" isDefault="false" isUsed="true" name="matid" type="int" value="20"/>
    </ParameterList>
    <ParameterList id="280" name="pin_46">
      <Parameter docString="" id="275" isDefault="false" isUsed="true" name="gap" type="Array(double)" value="{-0.00000000000000000e+00, 0.00000000000000000e+00, 0.00000000000000000e+00, 1.00000000000000089e-01}"/>
      <Parameter docString="" id="276" isDefault="false" isUsed="true" name="pitch" type="double" value="1.26000000000000001e+00"/>
      <Parameter docString="" id="277" isDefault="false" isUsed="true" name="radii" type="Array(double)" value="{4.09600000000000020e-01, 4.17999999999999983e-01, 4.74999999999999978e-01}"/>
      <Parameter docString="" id="278" isDefault="false" isUsed="true" name="radial matids" type="Array(int)" value="{37, 38, 39}"/>
      <Parameter docString="" id="279" isDefault="false" isUsed="true" name="matid" type="int" value="40"/>
    </ParameterList>
    <ParameterList id="286" name="pin_47">
      <Parameter docString="" id="281" isDefault="false" isUsed="true" name="gap" type="Array(double)" value="{-0.00000000000000000e+00, 0.00000000000000000e+00, 0.00000000000000000e+00, 1.00000000000000089e-01}"/>
      <Parameter docString="" id="282" isDefault="false" isUsed="true" name="pitch" type="double" value="1.26000000000000001e+00"/>
      <Parameter docString="" id="283" isDefault="false" isUsed="true" name="radii" type="Array(double)" value="{4.09600000000000020e-01, 4.17999999999999983e-01, 4.74999999999999978e-01}"/>
      <Parameter docString="" id="284" isDefault="false" isUsed="true" name="radial matids" type="Array(int)" value="{57, 58, 59}"/>
      <Parameter docString="" id="285" isDefault="false" isUsed="true" name="matid" type="int" value="60"/>
    </ParameterList>
    <ParameterList id="292" name="pin_48">
      <Parameter docString="" id="287" isDefault="false" isUsed="true" name="gap" type="Array(double)" value="{-0.00000000000000000e+00, 0.00000000000000000e+00, 0.00000000000000000e+00, 1.00000000000000089e-01}"/>
      <Parameter docString="" id="288" isDefault="false" isUsed="true" name="pitch" type="double" value="1.26000000000000001e+00"/>
      <Parameter docString="" id="289" isDefault="false" isUsed="true" name="radii" type="Array(double)" value="{4.09600000000000020e-01, 4.17999999999999983e-01, 4.74999999999999978e-01}"/>
      <Parameter docString="" id="290" isDefault="false" isUsed="true" name="radial matids" type="Array(int)" value="{75, 76, 77}"/>
      <Parameter docString="" id="291" isDefault="false" isUsed="true" name="matid" type="int" value="78"/>
    </ParameterList>
    <ParameterList id="298" name="pin_49">
      <Parameter docString="" id="293" isDefault="false" isUsed="true" name="gap" type="Array(double)" value="{0.00000000000000000e+00, 1.00000000000000089e-01, 0.00000000000000000e+00, 1.00000000000000089e-01}"/>
      <Parameter docString="" id="294" isDefault="false" isUsed="true" name="pitch" type="double" value="1.26000000000000001e+00"/>
      <Parameter docString="" id="295" isDefault="false" isUsed="true" name="radii" type="Array(double)" value="{4.09600000000000020e-01, 4.17999999999999983e-01, 4.74999999999999978e-01}"/>
      <Parameter docString="" id="296" isDefault="false" isUsed="true" name="radial matids" type="Array(int)" value="{95, 96, 97}"/>
      <Parameter docString="" id="297" isDefault="false" isUsed="true" name="matid" type="int" value="98"/>
    </ParameterList>
    <ParameterList id="304" name="pin_50">
      <Parameter docString="" id="299" isDefault="false" isUsed="true" name="gap" type="Array(double)" value="{1.00000000000000089e-01, 0.00000000000000000e+00, 1.00000000000000089e-01, 0.00000000000000000e+00}"/>
      <Parameter docString="" id="300" isDefault="false" isUsed="true" name="pitch" type="double" value="1.26000000000000001e+00"/>
      <Parameter docString="" id="301" isDefault="false" isUsed="true" name="radii" type="Array(double)" value="{4.09600000000000020e-01, 4.17999999999999983e-01, 4.74999999999999978e-01}"/>
      <Parameter docString="" id="302" isDefault="false" isUsed="true" name="radial matids" type="Array(int)" value="{197, 198, 199}"/>
      <Parameter docString="" id="303" isDefault="false" isUsed="true" name="matid" type="int" value="200"/>
    </ParameterList>
    <ParameterList id="310" name="pin_51">
      <Parameter docString="" id="305" isDefault="false" isUsed="true" name="gap" type="Array(double)" value="{-0.00000000000000000e+00, 0.00000000000000000e+00, 1.00000000000000089e-01, 0.00000000000000000e+00}"/>
      <Parameter docString="" id="306" isDefault="false" isUsed="true" name="pitch" type="double" value="1.26000000000000001e+00"/>
      <Parameter docString="" id="307" isDefault="false" isUsed="true" name="radii" type="Array(double)" value="{4.09600000000000020e-01, 4.17999999999999983e-01, 4.74999999999999978e-01}"/>
      <Parameter docString="" id="308" isDefault="false" isUsed="true" name="radial matids" type="Array(int)" value="{217, 218, 219}"/>
      <Parameter docString="" id="309" isDefault="false" isUsed="true" name="matid" type="int" value="220"/>
    </ParameterList>
    <ParameterList id="316" name="pin_52">
      <Parameter docString="" id="311" isDefault="false" isUsed="true" name="gap" type="Array(double)" value="{-0.00000000000000000e+00, 0.00000000000000000e+00, 1.00000000000000089e-01, 0.00000000000000000e+00}"/>
      <Parameter docString="" id="312" isDefault="false" isUsed="true" name="pitch" type="double" value="1.26000000000000001e+00"/>
      <Parameter docString="" id="313" isDefault="false" isUsed="true" name="radii" type="Array(double)" value="{4.09600000000000020e-01, 4.17999999999999983e-01, 4.74999999999999978e-01}"/>
      <Parameter docString="" id="314" isDefault="false" isUsed="true" name="radial matids" type="Array(int)" value="{237, 238, 239}"/>
      <Parameter docString="" id="315" isDefault="false" isUsed="true" name="matid" type="int" value="240"/>
    </ParameterList>
    <ParameterList id="322" name="pin_53">
      <Parameter docString="" id="317" isDefault="false" isUsed="true" name="gap" type="Array(double)" value="{-0.00000000000000000e+00, 0.00000000000000000e+00, 1.00000000000000089e-01, 0.00000000000000000e+00}"/>
      <Parameter docString="" id="318" isDefault="false" isUsed="true" name="pitch" type="double" value="1.26000000000000001e+00"/>
      <Parameter docString="" id="319" isDefault="false" isUsed="true" name="radii" type="Array(double)" value="{2.50000000000000000e-01}"/>
      <Parameter docString="" id="320" isDefault="false" isUsed="true" name="radial matids" type="Array(int)" value="{257}"/>
      <Parameter docString="" id="321" isDefault="false" isUsed="true" name="matid" type="int" value="258"/>
    </ParameterList>
    <ParameterList id="328" name="pin_54">
      <Parameter docString="" id="323" isDefault="false" isUsed="true" name="gap" type="Array(double)" value="{0.00000000000000000e+00, 1.00000000000000089e-01, 1.00000000000000089e-01, 0.00000000000000000e+00}"/>
      <Parameter docString="" id="324" isDefault="false" isUsed="true" name="pitch" type="double" value="1.26000000000000001e+00"/>
      <Parameter docString="" id="325" isDefault="false" isUsed="true" name="radii" type="Array(double)" value="{4.09600000000000020e-01, 4.17999999999999983e-01, 4.74999999999999978e-01}"/>
      <Parameter docString="" id="326" isDefault="false" isUsed="true" name="radial matids" type="Array(int)" value="{275, 276, 277}"/>
      <Parameter docString="" id="327" isDefault="false" isUsed="true" name="matid" type="int" value="278"/>
    </ParameterList>
    <ParameterList id="334" name="pin_55">
      <Parameter docString="" id="329" isDefault="false" isUsed="true" name="gap" type="Array(double)" value="{1.00000000000000089e-01, 0.00000000000000000e+00, -0.00000000000000000e+00, 0.00000000000000000e+00}"/>
      <Parameter docString="" id="330" isDefault="false" isUsed="true" name="pitch" type="double" value="1.26000000000000001e+00"/>
      <Parameter docString="" id="331" isDefault="false" isUsed="true" name="radii" type="Array(double)" value="{4.09600000000000020e-01, 4.17999999999999983e-01, 4.74999999999999978e-01}"/>
      <Parameter docString="" id="332" isDefault="false" isUsed="true" name="radial matids" type="Array(int)" value="{201, 202, 203}"/>
      <Parameter docString="" id="333" isDefault="false" isUsed="true" name="matid" type="int" value="204"/>
    </ParameterList>
    <ParameterList id="339" name="pin_56">
      <Parameter docString="" id="335" isDefault="false" isUsed="true" name="pitch" type="double" value="1.26000000000000001e+00"/>
      <Parameter docString="" id="336" isDefault="false" isUsed="true" name="radii" type="Array(double)" value="{4.09600000000000020e-01, 4.17999999999999983e-01, 4.74999999999999978e-01}"/>
      <Parameter docString="" id="337" isDefault="false" isUsed="true" name="radial matids" type="Array(int)" value="{221, 222, 223}"/>
      <Parameter docString="" id="338" isDefault="false" isUsed="true" name="matid" type="int" value="224"/>
    </ParameterList>
    <ParameterList id="344" name="pin_57">
      <Parameter docString="" id="340" isDefault="false" isUsed="true" name="pitch" type="double" value="1.26000000000000001e+00"/>
      <Parameter docString="" id="341" isDefault="false" isUsed="true" name="radii" type="Array(double)" value="{4.09600000000000020e-01, 4.17999999999999983e-01, 4.74999999999999978e-01}"/>
      <Parameter docString="" id="342" isDefault="false" isUsed="true" name="radial matids" type="Array(int)" value="{241, 242, 243}"/>
      <Parameter docString="" id="343" isDefault="false" isUsed="true" name="matid" type="int" value="244"/>
    </ParameterList>
    <ParameterList id="349" name="pin_58">
      <Parameter docString="" id="345" isDefault="false" isUsed="true" name="pitch" type="double" value="1.26000000000000001e+00"/>
      <Parameter docString="" id="346" isDefault="false" isUsed="true" name="radii" type="Array(double)" value="{4.09600000000000020e-01, 4.17999999999999983e-01, 4.74999999999999978e-01}"/>
      <Parameter docString="" id="347" isDefault="false" isUsed="true" name="radial matids" type="Array(int)" value="{259, 260, 261}"/>
      <Parameter docString="" id="348" isDefault="false" isUsed="true" name="matid" type="int" value="262"/>
    </ParameterList>
    <ParameterList id="355" name="pin_59">
      <Parameter docString="" id="350" isDefault="false" isUsed="true" name="gap" type="Array(double)" value="{0.00000000000000000e+00, 1.00000000000000089e-01, -0.00000000000000000e+00, 0.00000000000000000e+00}"/>
      <Parameter docString="" id="351" isDefault="false" isUsed="true" name="pitch" type="double" value="1.26000000000000001e+00"/>
      <Parameter docString="" id="352" isDefault="false" isUsed="true" name="radii" type="Array(double)" value="{4.09600000000000020e-01, 4.17999999999999983e-01, 4.74999999999999978e-01}"/>
      <Parameter docString="" id="353" isDefault="false" isUsed="true" name="radial matids" type="Array(int)" value="{279, 280, 281}"/>
      <Parameter docString="" id="354" isDefault="false" isUsed="true" name="matid" type="int" value="282"/>
    </ParameterList>
    <ParameterList id="361" name="pin_60">
      <Parameter docString="" id="356" isDefault="false" isUsed="true" name="gap" type="Array(double)" value="{1.00000000000000089e-01, 0.00000000000000000e+00, -0.00000000000000000e+00, 0.00000000000000000e+00}"/>
      <Parameter docString="" id="357" isDefault="false" isUsed="true" name="pitch" type="double" value="1.26000000000000001e+00"/>
      <Parameter docString="" id="358" isDefault="false" isUsed="true" name="radii" type="Array(double)" value="{4.09600000000000020e-01, 4.17999999999999983e-01, 4.74999999999999978e-01}"/>
      <Parameter docString="" id="359" isDefault="false" isUsed="true" name="radial matids" type="Array(int)" value="{205, 206, 207}"/>
      <Parameter docString="" id="360" isDefault="false" isUsed="true" name="matid" type="int" value="208"/>
    </ParameterList>
    <ParameterList id="366" name="pin_61">
      <Parameter docString="" id="362" isDefault="false" isUsed="true" name="pitch" type="double" value="1.26000000000000001e+00"/>
      <Parameter docString="" id="363" isDefault="false" isUsed="true" name="radii" type="Array(double)" value="{4.09600000000000020e-01, 4.17999999999999983e-01, 4.74999999999999978e-01}"/>
      <Parameter docString="" id="364" isDefault="false" isUsed="true" name="radial matids" type="Array(int)" value="{225, 226, 227}"/>
      <Parameter docString="" id="365" isDefault="false" isUsed="true" name="matid" type="int" value="228"/>
    </ParameterList>
    <ParameterList id="371" name="pin_62">
      <Parameter docString="" id="367" isDefault="false" isUsed="true" name="pitch" type="double" value="1.26000000000000001e+00"/>
      <Parameter docString="" id="368" isDefault="false" isUsed="true" name="radii" type="Array(double)" value="{4.09600000000000020e-01, 4.17999999999999983e-01, 4.74999999999999978e-01}"/>
      <Parameter docString="" id="369" isDefault="false" isUsed="true" name="radial matids" type="Array(int)" value="{245, 246, 247}"/>
      <Parameter docString="" id="370" isDefault="false" isUsed="true" name="matid" type="int" value="248"/>
    </ParameterList>
    <ParameterList id="376" name="pin_63">
      <Parameter docString="" id="372" isDefault="false" isUsed="true" name="pitch" type="double" value="1.26000000000000001e+00"/>
      <Parameter docString="" id="373" isDefault="false" isUsed="true" name="radii" type="Array(double)" value="{4.09600000000000020e-01, 4.17999999999999983e-01, 4.74999999999999978e-01}"/>
      <Parameter docString="" id="374" isDefault="false" isUsed="true" name="radial matids" type="Array(int)" value="{263, 264, 265}"/>
      <Parameter docString="" id="375" isDefault="false" isUsed="true" name="matid" type="int" value="266"/>
    </ParameterList>
    <ParameterList id="382" name="pin_64">
      <Parameter docString="" id="377" isDefault="false" isUsed="true" name="gap" type="Array(double)" value="{0.00000000000000000e+00, 1.00000000000000089e-01, -0.00000000000000000e+00, 0.00000000000000000e+00}"/>
      <Parameter docString="" id="378" isDefault="false" isUsed="true" name="pitch" type="double" value="1.26000000000000001e+00"/>
      <Parameter docString="" id="379" isDefault="false" isUsed="true" name="radii" type="Array(double)" value="{4.09600000000000020e-01, 4.17999999999999983e-01, 4.74999999999999978e-01}"/>
      <Parameter docString="" id="380" isDefault="false" isUsed="true" name="radial matids" type="Array(int)" value="{283, 284, 285}"/>
      <Parameter docString="" id="381" isDefault="false" isUsed="true" name="matid" type="int" value="286"/>
    </ParameterList>
    <ParameterList id="388" name="pin_65">
      <Parameter docString="" id="383" isDefault="false" isUsed="true" name="gap" type="Array(double)" value="{1.00000000000000089e-01, 0.00000000000000000e+00, -0.00000000000000000e+00, 0.00000000000000000e+00}"/>
      <Parameter docString="" id="384" isDefault="false" isUsed="true" name="pitch" type="double" value="1.26000000000000001e+00"/>
      <Parameter docString="" id="385" isDefault="false" isUsed="true" name="radii" type="Array(double)" value="{4.09600000000000020e-01, 4.17999999999999983e-01, 4.74999999999999978e-01}"/>
      <Parameter docString="" id="386" isDefault="false" isUsed="true" name="radial matids" type="Array(int)" value="{209, 210, 211}"/>
      <Parameter docString="" id="387" isDefault="false" isUsed="true" name="matid" type="int" value="212"/>
    </ParameterList>
    <ParameterList id="393" name="pin_66">
      <Parameter docString="" id="389" isDefault="false" isUsed="true" name="pitch" type="double" value="1.26000000000000001e+00"/>
      <Parameter docString="" id="390" isDefault="false" isUsed="true" name="radii" type="Array(double)" value="{4.09600000000000020e-01, 4.17999999999999983e-01, 4.74999999999999978e-01}"/>
      <Parameter docString="" id="391" isDefault="false" isUsed="true" name="radial matids" type="Array(int)" value="{229, 230, 231}"/>
      <Parameter docString="" id="392" isDefault="false" isUsed="true" name="matid" type="int" value="232"/>
    </ParameterList>
    <ParameterList id="398" name="pin_67">
      <Parameter docString="" id="394" isDefault="false" isUsed="true" name="pitch" type="double" value="1.26000000000000001e+00"/>
      <Parameter docString="" id="395" isDefault="false" isUsed="true" name="radii" type="Array(double)" value="{4.09600000000000020e-01, 4.17999999999999983e-01, 4.74999999999999978e-01}"/>
      <Parameter docString="" id="396" isDefault="false" isUsed="true" name="radial matids" type="Array(int)" value="{249, 250, 251}"/>
      <Parameter docString="" id="397" isDefault="false" isUsed="true" name="matid" type="int" value="252"/>
    </ParameterList>
    <ParameterList id="403" name="pin_68">
      <Parameter docString="" id="399" isDefault="false" isUsed="true" name="pitch" type="double" value="1.26000000000000001e+00"/>
      <Parameter docString="" id="400" isDefault="false" isUsed="true" name="radii" type="Array(double)" value="{4.09600000000000020e-01, 4.17999999999999983e-01, 4.74999999999999978e-01}"/>
      <Parameter docString="" id="401" isDefault="false" isUsed="true" name="radial matids" type="Array(int)" value="{267, 268, 269}"/>
      <Parameter docString="" id="402" isDefault="false" isUsed="true" name="matid" type="int" value="270"/>
    </ParameterList>
    <ParameterList id="409" name="pin_69">
      <Parameter docString="" id="404" isDefault="false" isUsed="true" name="gap" type="Array(double)" value="{0.00000000000000000e+00, 1.00000000000000089e-01, -0.00000000000000000e+00, 0.00000000000000000e+00}"/>
      <Parameter docString="" id="405" isDefault="false" isUsed="true" name="pitch" type="double" value="1.26000000000000001e+00"/>
      <Parameter docString="" id="406" isDefault="false" isUsed="true" name="radii" type="Array(double)" value="{4.09600000000000020e-01, 4.17999999999999983e-01, 4.74999999999999978e-01}"/>
      <Parameter docString="" id="407" isDefault="false" isUsed="true" name="radial matids" type="Array(int)" value="{287, 288, 289}"/>
      <Parameter docString="" id="408" isDefault="false" isUsed="true" name="matid" type="int" value="290"/>
    </ParameterList>
    <ParameterList id="415" name="pin_70">
      <Parameter docString="" id="410" isDefault="false" isUsed="true" name="gap" type="Array(double)" value="{1.00000000000000089e-01, 0.00000000000000000e+00, 0.00000000000000000e+00, 1.00000000000000089e-01}"/>
      <Parameter docString="" id="411" isDefault="false" isUsed="true" name="pitch" type="double" value="1.26000000000000001e+00"/>
      <Parameter docString="" id="412" isDefault="false" isUsed="true" name="radii" type="Array(double)" value="{4.09600000000000020e-01, 4.17999999999999983e-01, 4.74999999999999978e-01}"/>
      <Parameter docString="" id="413" isDefault="false" isUsed="true" name="radial matids" type="Array(int)" value="{213, 214, 215}"/>
      <Parameter docString="" id="414" isDefault="false" isUsed="true" name="matid" type="int" value="216"/>
    </ParameterList>
    <ParameterList id="421" name="pin_71">
      <Parameter docString="" id="416" isDefault="false" isUsed="true" name="gap" type="Array(double)" value="{-0.00000000000000000e+00, 0.00000000000000000e+00, 0.00000000000000000e+00, 1.00000000000000089e-01}"/>
      <Parameter docString="" id="417" isDefault="false" isUsed="true" name="pitch" type="double" value="1.26000000000000001e+00"/>
      <Parameter docString="" id="418" isDefault="false" isUsed="true" name="radii" type="Array(double)" value="{4.09600000000000020e-01, 4.17999999999999983e-01, 4.74999999999999978e-01}"/>
      <Parameter docString="" id="419" isDefault="false" isUsed="true" name="radial matids" type="Array(int)" value="{233, 234, 235}"/>
      <Parameter docString="" id="420" isDefault="false" isUsed="true" name="matid" type="int" value="236"/>
    </ParameterList>
    <ParameterList id="427" name="pin_72">
      <Parameter docString="" id="422" isDefault="false" isUsed="true" name="gap" type="Array(double)" value="{-0.00000000000000000e+00, 0.00000000000000000e+00, 0.00000000000000000e+00, 1.00000000000000089e-01}"/>
      <Parameter docString="" id="423" isDefault="false" isUsed="true" name="pitch" type="double" value="1.26000000000000001e+00"/>
      <Parameter docString="" id="424" isDefault="false" isUsed="true" name="radii" type="Array(double)" value="{4.09600000000000020e-01, 4.17999999999999983e-01, 4.74999999999999978e-01}"/>
      <Parameter docString="" id="425" isDefault="false" isUsed="true" name="radial matids" type="Array(int)" value="{253, 254, 255}"/>
      <Parameter docString="" id="426" isDefault="false" isUsed="true" name="matid" type="int" value="256"/>
    </ParameterList>
    <ParameterList id="433" name="pin_73">
      <Parameter docString="" id="428" isDefault="false" isUsed="true" name="gap" type="Array(double)" value="{-0.00000000000000000e+00, 0.00000000000000000e+00, 0.00000000000000000e+00, 1.00000000000000089e-01}"/>
      <Parameter docString="" id="429" isDefault="false" isUsed="true" name="pitch" type="double" value="1.26000000000000001e+00"/>
      <Parameter docString="" id="430" isDefault="false" isUsed="true" name="radii" type="Array(double)" value="{4.09600000000000020e-01, 4.17999999999999983e-01, 4.74999999999999978e-01}"/>
      <Parameter docString="" id="431" isDefault="false" isUsed="true" name="radial matids" type="Array(int)" value="{271, 272, 273}"/>
      <Parameter docString="" id="432" isDefault="false" isUsed="true" name="matid" type="int" value="274"/>
    </ParameterList>
    <ParameterList id="439" name="pin_74">
      <Parameter docString="" id="434" isDefault="false" isUsed="true" name="gap" type="Array(double)" value="{0.00000000000000000e+00, 1.00000000000000089e-01, 0.00000000000000000e+00, 1.00000000000000089e-01}"/>
      <Parameter docString="" id="435" isDefault="false" isUsed="true" name="pitch" type="double" value="1.26000000000000001e+00"/>
      <Parameter docString="" id="436" isDefault="false" isUsed="true" name="radii" type="Array(double)" value="{4.09600000000000020e-01, 4.17999999999999983e-01, 4.74999999999999978e-01}"/>
      <Parameter docString="" id="437" isDefault="false" isUsed="true" name="radial matids" type="Array(int)" value="{291, 292, 293}"/>
      <Parameter docString="" id="438" isDefault="false" isUsed="true" name="matid" type="int" value="294"/>
    </ParameterList>
    <ParameterList id="445" name="pin_75">
      <Parameter docString="" id="440" isDefault="false" isUsed="true" name="gap" type="Array(double)" value="{1.00000000000000089e-01, 0.00000000000000000e+00, 1.00000000000000089e-01, 0.00000000000000000e+00}"/>
      <Parameter docString="" id="441" isDefault="false" isUsed="true" name="pitch" type="double" value="1.26000000000000001e+00"/>
      <Parameter docString="" id="442" isDefault="false" isUsed="true" name="radii" type="Array(double)" value="{4.09600000000000020e-01, 4.17999999999999983e-01, 4.74999999999999978e-01}"/>
      <Parameter docString="" id="443" isDefault="false" isUsed="true" name="radial matids" type="Array(int)" value="{393, 394, 395}"/>
      <Parameter docString="" id="444" isDefault="false" isUsed="true" name="matid" type="int" value="396"/>
    </ParameterList>
    <ParameterList id="451" name="pin_76">
      <Parameter docString="" id="446" isDefault="false" isUsed="true" name="gap" type="Array(double)" value="{-0.00000000000000000e+00, 0.00000000000000000e+00, 1.00000000000000089e-01, 0.00000000000000000e+00}"/>
      <Parameter docString="" id="447" isDefault="false" isUsed="true" name="pitch" type="double" value="1.26000000000000001e+00"/>
      <Parameter docString="" id="448" isDefault="false" isUsed="true" name="radii" type="Array(double)" value="{4.09600000000000020e-01, 4.17999999999999983e-01, 4.74999999999999978e-01}"/>
      <Parameter docString="" id="449" isDefault="false" isUsed="true" name="radial matids" type="Array(int)" value="{413, 414, 415}"/>
      <Parameter docString="" id="450" isDefault="false" isUsed="true" name="matid" type="int" value="416"/>
    </ParameterList>
    <ParameterList id="457" name="pin_77">
      <Parameter docString="" id="452" isDefault="false" isUsed="true" name="gap" type="Array(double)" value="{-0.00000000000000000e+00, 0.00000000000000000e+00, 1.00000000000000089e-01, 0.00000000000000000e+00}"/>
      <Parameter docString="" id="453" isDefault="false" isUsed="true" name="pitch" type="double" value="1.26000000000000001e+00"/>
      <Parameter docString="" id="454" isDefault="false" isUsed="true" name="radii" type="Array(double)" value="{4.09600000000000020e-01, 4.17999999999999983e-01, 4.74999999999999978e-01}"/>
      <Parameter docString="" id="455" isDefault="false" isUsed="true" name="radial matids" type="Array(int)" value="{433, 434, 435}"/>
      <Parameter docString="" id="456" isDefault="false" isUsed="true" name="matid" type="int" value="436"/>
    </ParameterList>
    <ParameterList id="463" name="pin_78">
      <Parameter docString="" id="458" isDefault="false" isUsed="true" name="gap" type="Array(double)" value="{-0.00000000000000000e+00, 0.00000000000000000e+00, 1.00000000000000089e-01, 0.00000000000000000e+00}"/>
      <Parameter docString="" id="459" isDefault="false" isUsed="true" name="pitch" type="double" value="1.26000000000000001e+00"/>
      <Parameter docString="" id="460" isDefault="false" isUsed="true" name="radii" type="Array(double)" value="{2.50000000000000000e-01}"/>
      <Parameter docString="" id="461" isDefault="false" isUsed="true" name="radial matids" type="Array(int)" value="{453}"/>
      <Parameter docString="" id="462" isDefault="false" isUsed="true" name="matid" type="int" value="454"/>
    </ParameterList>
    <ParameterList id="469" name="pin_79">
      <Parameter docString="" id="464" isDefault="false" isUsed="true" name="gap" type="Array(double)" value="{0.00000000000000000e+00, 1.00000000000000089e-01, 1.00000000000000089e-01, 0.00000000000000000e+00}"/>
      <Parameter docString="" id="465" isDefault="false" isUsed="true" name="pitch" type="double" value="1.26000000000000001e+00"/>
      <Parameter docString="" id="466" isDefault="false" isUsed="true" name="radii" type="Array(double)" value="{4.09600000000000020e-01, 4.17999999999999983e-01, 4.74999999999999978e-01}"/>
      <Parameter docString="" id="467" isDefault="false" isUsed="true" name="radial matids" type="Array(int)" value="{471, 472, 473}"/>
      <Parameter docString="" id="468" isDefault="false" isUsed="true" name="matid" type="int" value="474"/>
    </ParameterList>
    <ParameterList id="475" name="pin_80">
      <Parameter docString="" id="470" isDefault="false" isUsed="true" name="gap" type="Array(double)" value="{1.00000000000000089e-01, 0.00000000000000000e+00, -0.00000000000000000e+00, 0.00000000000000000e+00}"/>
      <Parameter docString="" id="471" isDefault="false" isUsed="true" name="pitch" type="double" value="1.26000000000000001e+00"/>
      <Parameter docString="" id="472" isDefault="false" isUsed="true" name="radii" type="Array(double)" value="{4.09600000000000020e-01, 4.17999999999999983e-01, 4.74999999999999978e-01}"/>
      <Parameter docString="" id="473" isDefault="false" isUsed="true" name="radial matids" type="Array(int)" value="{397, 398, 399}"/>
      <Parameter docString="" id="474" isDefault="false" isUsed="true" name="matid" type="int" value="400"/>
    </ParameterList>
    <ParameterList id="480" name="pin_81">
      <Parameter docString="" id="476" isDefault="false" isUsed="true" name="pitch" type="double" value="1.26000000000000001e+00"/>
      <Parameter docString="" id="477" isDefault="false" isUsed="true" name="radii" type="Array(double)" value="{4.09600000000000020e-01, 4.17999999999999983e-01, 4.74999999999999978e-01}"/>
      <Parameter docString="" id="478" isDefault="false" isUsed="true" name="radial matids" type="Array(int)" value="{417, 418, 419}"/>
      <Parameter docString="" id="479" isDefault="false" isUsed="true" name="matid" type="int" value="420"/>
    </ParameterList>
    <ParameterList id="485" name="pin_82">
      <Parameter docString="" id="481" isDefault="false" isUsed="true" name="pitch" type="double" value="1.26000000000000001e+00"/>
      <Parameter docString="" id="482" isDefault="false" isUsed="true" name="radii" type="Array(double)" value="{4.09600000000000020e-01, 4.17999999999999983e-01, 4.74999999999999978e-01}"/>
      <Parameter docString="" id="483" isDefault="false" isUsed="true" name="radial matids" type="Array(int)" value="{437, 438, 439}"/>
      <Parameter docString="" id="484" isDefault="false" isUsed="true" name="matid" type="int" value="440"/>
    </ParameterList>
    <ParameterList id="490" name="pin_83">
      <Parameter docString="" id="486" isDefault="false" isUsed="true" name="pitch" type="double" value="1.26000000000000001e+00"/>
      <Parameter docString="" id="487" isDefault="false" isUsed="true" name="radii" type="Array(double)" value="{4.09600000000000020e-01, 4.17999999999999983e-01, 4.74999999999999978e-01}"/>
      <Parameter docString="" id="488" isDefault="false" isUsed="true" name="radial matids" type="Array(int)" value="{455, 456, 457}"/>
      <Parameter docString="" id="489" isDefault="false" isUsed="true" name="matid" type="int" value="458"/>
    </ParameterList>
    <ParameterList id="496" name="pin_84">
      <Parameter docString="" id="491" isDefault="false" isUsed="true" name="gap" type="Array(double)" value="{0.00000000000000000e+00, 1.00000000000000089e-01, -0.00000000000000000e+00, 0.00000000000000000e+00}"/>
      <Parameter docString="" id="492" isDefault="false" isUsed="true" name="pitch" type="double" value="1.26000000000000001e+00"/>
      <Parameter docString="" id="493" isDefault="false" isUsed="true" name="radii" type="Array(double)" value="{4.09600000000000020e-01, 4.17999999999999983e-01, 4.74999999999999978e-01}"/>
      <Parameter docString="" id="494" isDefault="false" isUsed="true" name="radial matids" type="Array(int)" value="{475, 476, 477}"/>
      <Parameter docString="" id="495" isDefault="false" isUsed="true" name="matid" type="int" value="478"/>
    </ParameterList>
    <ParameterList id="502" name="pin_85">
      <Parameter docString="" id="497" isDefault="false" isUsed="true" name="gap" type="Array(double)" value="{1.00000000000000089e-01, 0.00000000000000000e+00, -0.00000000000000000e+00, 0.00000000000000000e+00}"/>
      <Parameter docString="" id="498" isDefault="false" isUsed="true" name="pitch" type="double" value="1.26000000000000001e+00"/>
      <Parameter docString="" id="499" isDefault="false" isUsed="true" name="radii" type="Array(double)" value="{4.09600000000000020e-01, 4.17999999999999983e-01, 4.74999999999999978e-01}"/>
      <Parameter docString="" id="500" isDefault="false" isUsed="true" name="radial matids" type="Array(int)" value="{401, 402, 403}"/>
      <Parameter docString="" id="501" isDefault="false" isUsed="true" name="matid" type="int" value="404"/>
    </ParameterList>
    <ParameterList id="507" name="pin_86">
      <Parameter docString="" id="503" isDefault="false" isUsed="true" name="pitch" type="double" value="1.26000000000000001e+00"/>
      <Parameter docString="" id="504" isDefault="false" isUsed="true" name="radii" type="Array(double)" value="{4.09600000000000020e-01, 4.17999999999999983e-01, 4.74999999999999978e-01}"/>
      <Parameter docString="" id="505" isDefault="false" isUsed="true" name="radial matids" type="Array(int)" value="{421, 422, 423}"/>
      <Parameter docString="" id="506" isDefault="false" isUsed="true" name="matid" type="int" value="424"/>
    </ParameterList>
    <ParameterList id="512" name="pin_87">
      <Parameter docString="" id="508" isDefault="false" isUsed="true" name="pitch" type="double" value="1.26000000000000001e+00"/>
      <Parameter docString="" id="509" isDefault="false" isUsed="true" name="radii" type="Array(double)" value="{4.09600000000000020e-01, 4.17999999999999983e-01, 4.74999999999999978e-01}"/>
      <Parameter docString="" id="510" isDefault="false" isUsed="true" name="radial matids" type="Array(int)" value="{441, 442, 443}"/>
      <Parameter docString="" id="511" isDefault="false" isUsed="true" name="matid" type="int" value="444"/>
    </ParameterList>
    <ParameterList id="517" name="pin_88">
      <Parameter docString="" id="513" isDefault="false" isUsed="true" name="pitch" type="double" value="1.26000000000000001e+00"/>
      <Parameter docString="" id="514" isDefault="false" isUsed="true" name="radii" type="Array(double)" value="{4.09600000000000020e-01, 4.17999999999999983e-01, 4.74999999999999978e-01}"/>
      <Parameter docString="" id="515" isDefault="false" isUsed="true" name="radial matids" type="Array(int)" value="{459, 460, 461}"/>
      <Parameter docString="" id="516" isDefault="false" isUsed="true" name="matid" type="int" value="462"/>
    </ParameterList>
    <ParameterList id="523" name="pin_89">
      <Parameter docString="" id="518" isDefault="false" isUsed="true" name="gap" type="Array(double)" value="{0.00000000000000000e+00, 1.00000000000000089e-01, -0.00000000000000000e+00, 0.00000000000000000e+00}"/>
      <Parameter docString="" id="519" isDefault="false" isUsed="true" name="pitch" type="double" value="1.26000000000000001e+00"/>
      <Parameter docString="" id="520" isDefault="false" isUsed="true" name="radii" type="Array(double)" value="{4.09600000000000020e-01, 4.17999999999999983e-01, 4.74999999999999978e-01}"/>
      <Parameter docString="" id="521" isDefault="false" isUsed="true" name="radial matids" type="Array(int)" value="{479, 480, 481}"/>
      <Parameter docString="" id="522" isDefault="false" isUsed="true" name="matid" type="int" value="482"/>
    </ParameterList>
    <ParameterList id="529" name="pin_90">
      <Parameter docString="" id="524" isDefault="false" isUsed="true" name="gap" type="Array(double)" value="{1.00000000000000089e-01, 0.00000000000000000e+00, -0.00000000000000000e+00, 0.00000000000000000e+00}"/>
      <Parameter docString="" id="525" isDefault="false" isUsed="true" name="pitch" type="double" value="1.26000000000000001e+00"/>
      <Parameter docString="" id="526" isDefault="false" isUsed="true" name="radii" type="Array(double)" value="{4.09600000000000020e-01, 4.17999999999999983e-01, 4.74999999999999978e-01}"/>
      <Parameter docString="" id="527" isDefault="false" isUsed="true" name="radial matids" type="Array(int)" value="{405, 406, 407}"/>
      <Parameter docString="" id="528" isDefault="false" isUsed="true" name="matid" type="int" value="408"/>
    </ParameterList>
    <ParameterList id="534" name="pin_91">
      <Parameter docString="" id="530" isDefault="false" isUsed="true" name="pitch" type="double" value="1.26000000000000001e+00"/>
      <Parameter docString="" id="531" isDefault="false" isUsed="true" name="radii" type="Array(double)" value="{4.09600000000000020e-01, 4.17999999999999983e-01, 4.74999999999999978e-01}"/>
      <Parameter docString="" id="532" isDefault="false" isUsed="true" name="radial matids" type="Array(int)" value="{425, 426, 427}"/>
      <Parameter docString="" id="533" isDefault="false" isUsed="true" name="matid" type="int" value="428"/>
    </ParameterList>
    <ParameterList id="539" name="pin_92">
      <Parameter docString="" id="535" isDefault="false" isUsed="true" name="pitch" type="double" value="1.26000000000000001e+00"/>
      <Parameter docString="" id="536" isDefault="false" isUsed="true" name="radii" type="Array(double)" value="{4.09600000000000020e-01, 4.17999999999999983e-01, 4.74999999999999978e-01}"/>
      <Parameter docString="" id="537" isDefault="false" isUsed="true" name="radial matids" type="Array(int)" value="{445, 446, 447}"/>
      <Parameter docString="" id="538" isDefault="false" isUsed="true" name="matid" type="int" value="448"/>
    </ParameterList>
    <ParameterList id="544" name="pin_93">
      <Parameter docString="" id="540" isDefault="false" isUsed="true" name="pitch" type="double" value="1.26000000000000001e+00"/>
      <Parameter docString="" id="541" isDefault="false" isUsed="true" name="radii" type="Array(double)" value="{4.09600000000000020e-01, 4.17999999999999983e-01, 4.74999999999999978e-01}"/>
      <Parameter docString="" id="542" isDefault="false" isUsed="true" name="radial matids" type="Array(int)" value="{463, 464, 465}"/>
      <Parameter docString="" id="543" isDefault="false" isUsed="true" name="matid" type="int" value="466"/>
    </ParameterList>
    <ParameterList id="550" name="pin_94">
      <Parameter docString="" id="545" isDefault="false" isUsed="true" name="gap" type="Array(double)" value="{0.00000000000000000e+00, 1.00000000000000089e-01, -0.00000000000000000e+00, 0.00000000000000000e+00}"/>
      <Parameter docString="" id="546" isDefault="false" isUsed="true" name="pitch" type="double" value="1.26000000000000001e+00"/>
      <Parameter docString="" id="547" isDefault="false" isUsed="true" name="radii" type="Array(double)" value="{4.09600000000000020e-01, 4.17999999999999983e-01, 4.74999999999999978e-01}"/>
      <Parameter docString="" id="548" isDefault="false" isUsed="true" name="radial matids" type="Array(int)" value="{483, 484, 485}"/>
      <Parameter docString="" id="549" isDefault="false" isUsed="true" name="matid" type="int" value="486"/>
    </ParameterList>
    <ParameterList id="556" name="pin_95">
      <Parameter docString="" id="551" isDefault="false" isUsed="true" name="gap" type="Array(double)" value="{1.00000000000000089e-01, 0.00000000000000000e+00, 0.00000000000000000e+00, 1.00000000000000089e-01}"/>
      <Parameter docString="" id="552" isDefault="false" isUsed="true" name="pitch" type="double" value="1.26000000000000001e+00"/>
      <Parameter docString="" id="553" isDefault="false" isUsed="true" name="radii" type="Array(double)" value="{4.09600000000000020e-01, 4.17999999999999983e-01, 4.74999999999999978e-01}"/>
      <Parameter docString="" id="554" isDefault="false" isUsed="true" name="radial matids" type="Array(int)" value="{409, 410, 411}"/>
      <Parameter docString="" id="555" isDefault="false" isUsed="true" name="matid" type="int" value="412"/>
    </ParameterList>
    <ParameterList id="562" name="pin_96">
      <Parameter docString="" id="557" isDefault="false" isUsed="true" name="gap" type="Array(double)" value="{-0.00000000000000000e+00, 0.00000000000000000e+00, 0.00000000000000000e+00, 1.00000000000000089e-01}"/>
      <Parameter docString="" id="558" isDefault="false" isUsed="true" name="pitch" type="double" value="1.26000000000000001e+00"/>
      <Parameter docString="" id="559" isDefault="false" isUsed="true" name="radii" type="Array(double)" value="{4.09600000000000020e-01, 4.17999999999999983e-01, 4.74999999999999978e-01}"/>
      <Parameter docString="" id="560" isDefault="false" isUsed="true" name="radial matids" type="Array(int)" value="{429, 430, 431}"/>
      <Parameter docString="" id="561" isDefault="false" isUsed="true" name="matid" type="int" value="432"/>
    </ParameterList>
    <ParameterList id="568" name="pin_97">
      <Parameter docString="" id="563" isDefault="false" isUsed="true" name="gap" type="Array(double)" value="{-0.00000000000000000e+00, 0.00000000000000000e+00, 0.00000000000000000e+00, 1.00000000000000089e-01}"/>
      <Parameter docString="" id="564" isDefault="false" isUsed="true" name="pitch" type="double" value="1.26000000000000001e+00"/>
      <Parameter docString="" id="565" isDefault="false" isUsed="true" name="radii" type="Array(double)" value="{4.09600000000000020e-01, 4.17999999999999983e-01, 4.74999999999999978e-01}"/>
      <Parameter docString="" id="566" isDefault="false" isUsed="true" name="radial matids" type="Array(int)" value="{449, 450, 451}"/>
      <Parameter docString="" id="567" isDefault="false" isUsed="true" name="matid" type="int" value="452"/>
    </ParameterList>
    <ParameterList id="574" name="pin_98">
      <Parameter docString="" id="569" isDefault="false" isUsed="true" name="gap" type="Array(double)" value="{-0.00000000000000000e+00, 0.00000000000000000e+00, 0.00000000000000000e+00, 1.00000000000000089e-01}"/>
      <Parameter docString="" id="570" isDefault="false" isUsed="true" name="pitch" type="double" value="1.26000000000000001e+00"/>
      <Parameter docString="" id="571" isDefault="false" isUsed="true" name="radii" type="Array(double)" value="{4.09600000000000020e-01, 4.17999999999999983e-01, 4.74999999999999978e-01}"/>
      <Parameter docString="" id="572" isDefault="false" isUsed="true" name="radial matids" type="Array(int)" value="{467, 468, 469}"/>
      <Parameter docString="" id="573" isDefault="false" isUsed="true" name="matid" type="int" value="470"/>
    </ParameterList>
    <ParameterList id="580" name="pin_99">
      <Parameter docString="" id="575" isDefault="false" isUsed="true" name="gap" type="Array(double)" value="{0.00000000000000000e+00, 1.00000000000000089e-01, 0.00000000000000000e+00, 1.00000000000000089e-01}"/>
      <Parameter docString="" id="576" isDefault="false" isUsed="true" name="pitch" type="double" value="1.26000000000000001e+00"/>
      <Parameter docString="" id="577" isDefault="false" isUsed="true" name="radii" type="Array(double)" value="{4.09600000000000020e-01, 4.17999999999999983e-01, 4.74999999999999978e-01}"/>
      <Parameter docString="" id="578" isDefault="false" isUsed="true" name="radial matids" type="Array(int)" value="{487, 488, 489}"/>
      <Parameter docString="" id="579" isDefault="false" isUsed="true" name="matid" type="int" value="490"/>
    </ParameterList>
    <ParameterList id="586" name="pin_100">
      <Parameter docString="" id="581" isDefault="false" isUsed="true" name="gap" type="Array(double)" value="{1.00000000000000089e-01, 0.00000000000000000e+00, 1.00000000000000089e-01, 0.00000000000000000e+00}"/>
      <Parameter docString="" id="582" isDefault="false" isUsed="true" name="pitch" type="double" value="1.26000000000000001e+00"/>
      <Parameter docString="" id="583" isDefault="false" isUsed="true" name="radii" type="Array(double)" value="{4.09600000000000020e-01, 4.17999999999999983e-01, 4.74999999999999978e-01}"/>
      <Parameter docString="" id="584" isDefault="false" isUsed="true" name="radial matids" type="Array(int)" value="{295, 296, 297}"/>
      <Parameter docString="" id="585" isDefault="false" isUsed="true" name="matid" type="int" value="298"/>
    </ParameterList>
    <ParameterList id="592" name="pin_101">
      <Parameter docString="" id="587" isDefault="false" isUsed="true" name="gap" type="Array(double)" value="{-0.00000000000000000e+00, 0.00000000000000000e+00, 1.00000000000000089e-01, 0.00000000000000000e+00}"/>
      <Parameter docString="" id="588" isDefault="false" isUsed="true" name="pitch" type="double" value="1.26000000000000001e+00"/>
      <Parameter docString="" id="589" isDefault="false" isUsed="true" name="radii" type="Array(double)" value="{4.09600000000000020e-01, 4.17999999999999983e-01, 4.74999999999999978e-01}"/>
      <Parameter docString="" id="590" isDefault="false" isUsed="true" name="radial matids" type="Array(int)" value="{315, 316, 317}"/>
      <Parameter docString="" id="591" isDefault="false" isUsed="true" name="matid" type="int" value="318"/>
    </ParameterList>
    <ParameterList id="598" name="pin_102">
      <Parameter docString="" id="593" isDefault="false" isUsed="true" name="gap" type="Array(double)" value="{-0.00000000000000000e+00, 0.00000000000000000e+00, 1.00000000000000089e-01, 0.00000000000000000e+00}"/>
      <Parameter docString="" id="594" isDefault="false" isUsed="true" name="pitch" type="double" value="1.26000000000000001e+00"/>
      <Parameter docString="" id="595" isDefault="false" isUsed="true" name="radii" type="Array(double)" value="{4.09600000000000020e-01, 4.17999999999999983e-01, 4.74999999999999978e-01}"/>
      <Parameter docString="" id="596" isDefault="false" isUsed="true" name="radial matids" type="Array(int)" value="{335, 336, 337}"/>
      <Parameter docString="" id="597" isDefault="false" isUsed="true" name="matid" type="int" value="338"/>
    </ParameterList>
    <ParameterList id="604" name="pin_103">
      <Parameter docString="" id="599" isDefault="false" isUsed="true" name="gap" type="Array(double)" value="{-0.00000000000000000e+00, 0.00000000000000000e+00, 1.00000000000000089e-01, 0.00000000000000000e+00}"/>
      <Parameter docString="" id="600" isDefault="false" isUsed="true" name="pitch" type="double" value="1.26000000000000001e+00"/>
      <Parameter docString="" id="601" isDefault="false" isUsed="true" name="radii" type="Array(double)" value="{2.50000000000000000e-01}"/>
      <Parameter docString="" id="602" isDefault="false" isUsed="true" name="radial matids" type="Array(int)" value="{355}"/>
      <Parameter docString="" id="603" isDefault="false" isUsed="true" name="matid" type="int" value="356"/>
    </ParameterList>
    <ParameterList id="610" name="pin_104">
      <Parameter docString="" id="605" isDefault="false" isUsed="true" name="gap" type="Array(double)" value="{0.00000000000000000e+00, 1.00000000000000089e-01, 1.00000000000000089e-01, 0.00000000000000000e+00}"/>
      <Parameter docString="" id="606" isDefault="false" isUsed="true" name="pitch" type="double" value="1.26000000000000001e+00"/>
      <Parameter docString="" id="607" isDefault="false" isUsed="true" name="radii" type="Array(double)" value="{4.09600000000000020e-01, 4.17999999999999983e-01, 4.74999999999999978e-01}"/>
      <Parameter docString="" id="608" isDefault="false" isUsed="true" name="radial matids" type="Array(int)" value="{373, 374, 375}"/>
      <Parameter docString="" id="609" isDefault="false" isUsed="true" name="matid" type="int" value="376"/>
    </ParameterList>
    <ParameterList id="616" name="pin_105">
      <Parameter docString="" id="611" isDefault="false" isUsed="true" name="gap" type="Array(double)" value="{1.00000000000000089e-01, 0.00000000000000000e+00, -0.00000000000000000e+00, 0.00000000000000000e+00}"/>
      <Parameter docString="" id="612" isDefault="false" isUsed="true" name="pitch" type="double" value="1.26000000000000001e+00"/>
      <Parameter docString="" id="613" isDefault="false" isUsed="true" name="radii" type="Array(double)" value="{4.09600000000000020e-01, 4.17999999999999983e-01, 4.74999999999999978e-01}"/>
      <Parameter docString="" id="614" isDefault="false" isUsed="true" name="radial matids" type="Array(int)" value="{299, 300, 301}"/>
      <Parameter docString="" id="615" isDefault="false" isUsed="true" name="matid" type="int" value="302"/>
    </ParameterList>
    <ParameterList id="621" name="pin_106">
      <Parameter docString="" id="617" isDefault="false" isUsed="true" name="pitch" type="double" value="1.26000000000000001e+00"/>
      <Parameter docString="" id="618" isDefault="false" isUsed="true" name="radii" type="Array(double)" value="{4.09600000000000020e-01, 4.17999999999999983e-01, 4.74999999999999978e-01}"/>
      <Parameter docString="" id="619" isDefault="false" isUsed="true" name="radial matids" type="Array(int)" value="{319, 320, 321}"/>
      <Parameter docString="" id="620" isDefault="false" isUsed="true" name="matid" type="int" value="322"/>
    </ParameterList>
    <ParameterList id="626" name="pin_107">
      <Parameter docString="" id="622" isDefault="false" isUsed="true" name="pitch" type="double" value="1.26000000000000001e+00"/>
      <Parameter docString="" id="623" isDefault="false" isUsed="true" name="radii" type="Array(double)" value="{4.09600000000000020e-01, 4.17999999999999983e-01, 4.74999999999999978e-01}"/>
      <Parameter docString="" id="624" isDefault="false" isUsed="true" name="radial matids" type="Array(int)" value="{339, 340, 341}"/>
      <Parameter docString="" id="625" isDefault="false" isUsed="true" name="matid" type="int" value="342"/>
    </ParameterList>
    <ParameterList id="631" name="pin_108">
      <Parameter docString="" id="627" isDefault="false" isUsed="true" name="pitch" type="double" value="1.26000000000000001e+00"/>
      <Parameter docString="" id="628" isDefault="false" isUsed="true" name="radii" type="Array(double)" value="{4.09600000000000020e-01, 4.17999999999999983e-01, 4.74999999999999978e-01}"/>
      <Parameter docString="" id="629" isDefault="false" isUsed="true" name="radial matids" type="Array(int)" value="{357, 358, 359}"/>
      <Parameter docString="" id="630" isDefault="false" isUsed="true" name="matid" type="int" value="360"/>
    </ParameterList>
    <ParameterList id="637" name="pin_109">
      <Parameter docString="" id="632" isDefault="false" isUsed="true" name="gap" type="Array(double)" value="{0.00000000000000000e+00, 1.00000000000000089e-01, -0.00000000000000000e+00, 0.00000000000000000e+00}"/>
      <Parameter docString="" id="633" isDefault="false" isUsed="true" name="pitch" type="double" value="1.26000000000000001e+00"/>
      <Parameter docString="" id="634" isDefault="false" isUsed="true" name="radii" type="Array(double)" value="{4.09600000000000020e-01, 4.17999999999999983e-01, 4.74999999999999978e-01}"/>
      <Parameter docString="" id="635" isDefault="false" isUsed="true" name="radial matids" type="Array(int)" value="{377, 378, 379}"/>
      <Parameter docString="" id="636" isDefault="false" isUsed="true" name="matid" type="int" value="380"/>
    </ParameterList>
    <ParameterList id="643" name="pin_110">
      <Parameter docString="" id="638" isDefault="false" isUsed="true" name="gap" type="Array(double)" value="{1.00000000000000089e-01, 0.00000000000000000e+00, -0.00000000000000000e+00, 0.00000000000000000e+00}"/>
      <Parameter docString="" id="639" isDefault="false" isUsed="true" name="pitch" type="double" value="1.26000000000000001e+00"/>
      <Parameter docString="" id="640" isDefault="false" isUsed="true" name="radii" type="Array(double)" value="{4.09600000000000020e-01, 4.17999999999999983e-01, 4.74999999999999978e-01}"/>
      <Parameter docString="" id="641" isDefault="false" isUsed="true" name="radial matids" type="Array(int)" value="{303, 304, 305}"/>
      <Parameter docString="" id="642" isDefault="false" isUsed="true" name="matid" type="int" value="306"/>
    </ParameterList>
    <ParameterList id="648" name="pin_111">
      <Parameter docString="" id="644" isDefault="false" isUsed="true" name="pitch" type="double" value="1.26000000000000001e+00"/>
      <Parameter docString="" id="645" isDefault="false" isUsed="true" name="radii" type="Array(double)" value="{4.09600000000000020e-01, 4.17999999999999983e-01, 4.74999999999999978e-01}"/>
      <Parameter docString="" id="646" isDefault="false" isUsed="true" name="radial matids" type="Array(int)" value="{323, 324, 325}"/>
      <Parameter docString="" id="647" isDefault="false" isUsed="true" name="matid" type="int" value="326"/>
    </ParameterList>
    <ParameterList id="653" name="pin_112">
      <Parameter docString="" id="649" isDefault="false" isUsed="true" name="pitch" type="double" value="1.26000000000000001e+00"/>
      <Parameter docString="" id="650" isDefault="false" isUsed="true" name="radii" type="Array(double)" value="{4.09600000000000020e-01, 4.17999999999999983e-01, 4.74999999999999978e-01}"/>
      <Parameter docString="" id="651" isDefault="false" isUsed="true" name="radial matids" type="Array(int)" value="{343, 344, 345}"/>
      <Parameter docString="" id="652" isDefault="false" isUsed="true" name="matid" type="int" value="346"/>
    </ParameterList>
    <ParameterList id="658" name="pin_113">
      <Parameter docString="" id="654" isDefault="false" isUsed="true" name="pitch" type="double" value="1.26000000000000001e+00"/>
      <Parameter docString="" id="655" isDefault="false" isUsed="true" name="radii" type="Array(double)" value="{4.09600000000000020e-01, 4.17999999999999983e-01, 4.74999999999999978e-01}"/>
      <Parameter docString="" id="656" isDefault="false" isUsed="true" name="radial matids" type="Array(int)" value="{361, 362, 363}"/>
      <Parameter docString="" id="657" isDefault="false" isUsed="true" name="matid" type="int" value="364"/>
    </ParameterList>
    <ParameterList id="664" name="pin_114">
      <Parameter docString="" id="659" isDefault="false" isUsed="true" name="gap" type="Array(double)" value="{0.00000000000000000e+00, 1.00000000000000089e-01, -0.00000000000000000e+00, 0.00000000000000000e+00}"/>
      <Parameter docString="" id="660" isDefault="false" isUsed="true" name="pitch" type="double" value="1.26000000000000001e+00"/>
      <Parameter docString="" id="661" isDefault="false" isUsed="true" name="radii" type="Array(double)" value="{4.09600000000000020e-01, 4.17999999999999983e-01, 4.74999999999999978e-01}"/>
      <Parameter docString="" id="662" isDefault="false" isUsed="true" name="radial matids" type="Array(int)" value="{381, 382, 383}"/>
      <Parameter docString="" id="663" isDefault="false" isUsed="true" name="matid" type="int" value="384"/>
    </ParameterList>
    <ParameterList id="670" name="pin_115">
      <Parameter docString="" id="665" isDefault="false" isUsed="true" name="gap" type="Array(double)" value="{1.00000000000000089e-01, 0.00000000000000000e+00, -0.00000000000000000e+00, 0.00000000000000000e+00}"/>
      <Parameter docString="" id="666" isDefault="false" isUsed="true" name="pitch" type="double" value="1.26000000000000001e+00"/>
      <Parameter docString="" id="667" isDefault="false" isUsed="true" name="radii" type="Array(double)" value="{4.09600000000000020e-01, 4.17999999999999983e-01, 4.74999999999999978e-01}"/>
      <Parameter docString="" id="668" isDefault="false" isUsed="true" name="radial matids" type="Array(int)" value="{307, 308, 309}"/>
      <Parameter docString="" id="669" isDefault="false" isUsed="true" name="matid" type="int" value="310"/>
    </ParameterList>
    <ParameterList id="675" name="pin_116">
      <Parameter docString="" id="671" isDefault="false" isUsed="true" name="pitch" type="double" value="1.26000000000000001e+00"/>
      <Parameter docString="" id="672" isDefault="false" isUsed="true" name="radii" type="Array(double)" value="{4.09600000000000020e-01, 4.17999999999999983e-01, 4.74999999999999978e-01}"/>
      <Parameter docString="" id="673" isDefault="false" isUsed="true" name="radial matids" type="Array(int)" value="{327, 328, 329}"/>
      <Parameter docString="" id="674" isDefault="false" isUsed="true" name="matid" type="int" value="330"/>
    </ParameterList>
    <ParameterList id="680" name="pin_117">
      <Parameter docString="" id="676" isDefault="false" isUsed="true" name="pitch" type="double" value="1.26000000000000001e+00"/>
      <Parameter docString="" id="677" isDefault="false" isUsed="true" name="radii" type="Array(double)" value="{4.09600000000000020e-01, 4.17999999999999983e-01, 4.74999999999999978e-01}"/>
      <Parameter docString="" id="678" isDefault="false" isUsed="true" name="radial matids" type="Array(int)" value="{347, 348, 349}"/>
      <Parameter docString="" id="679" isDefault="false" isUsed="true" name="matid" type="int" value="350"/>
    </ParameterList>
    <ParameterList id="685" name="pin_118">
      <Parameter docString="" id="681" isDefault="false" isUsed="true" name="pitch" type="double" value="1.26000000000000001e+00"/>
      <Parameter docString="" id="682" isDefault="false" isUsed="true" name="radii" type="Array(double)" value="{4.09600000000000020e-01, 4.17999999999999983e-01, 4.74999999999999978e-01}"/>
      <Parameter docString="" id="683" isDefault="false" isUsed="true" name="radial matids" type="Array(int)" value="{365, 366, 367}"/>
      <Parameter docString="" id="684" isDefault="false" isUsed="true" name="matid" type="int" value="368"/>
    </ParameterList>
    <ParameterList id="691" name="pin_119">
      <Parameter docString="" id="686" isDefault="false" isUsed="true" name="gap" type="Array(double)" value="{0.00000000000000000e+00, 1.00000000000000089e-01, -0.00000000000000000e+00, 0.00000000000000000e+00}"/>
      <Parameter docString="" id="687" isDefault="false" isUsed="true" name="pitch" type="double" value="1.26000000000000001e+00"/>
      <Parameter docString="" id="688" isDefault="false" isUsed="true" name="radii" type="Array(double)" value="{4.09600000000000020e-01, 4.17999999999999983e-01, 4.74999999999999978e-01}"/>
      <Parameter docString="" id="689" isDefault="false" isUsed="true" name="radial matids" type="Array(int)" value="{385, 386, 387}"/>
      <Parameter docString="" id="690" isDefault="false" isUsed="true" name="matid" type="int" value="388"/>
    </ParameterList>
    <ParameterList id="697" name="pin_120">
      <Parameter docString="" id="692" isDefault="false" isUsed="true" name="gap" type="Array(double)" value="{1.00000000000000089e-01, 0.00000000000000000e+00, 0.00000000000000000e+00, 1.00000000000000089e-01}"/>
      <Parameter docString="" id="693" isDefault="false" isUsed="true" name="pitch" type="double" value="1.26000000000000001e+00"/>
      <Parameter docString="" id="694" isDefault="false" isUsed="true" name="radii" type="Array(double)" value="{4.09600000000000020e-01, 4.17999999999999983e-01, 4.74999999999999978e-01}"/>
      <Parameter docString="" id="695" isDefault="false" isUsed="true" name="radial matids" type="Array(int)" value="{311, 312, 313}"/>
      <Parameter docString="" id="696" isDefault="false" isUsed="true" name="matid" type="int" value="314"/>
    </ParameterList>
    <ParameterList id="703" name="pin_121">
      <Parameter docString="" id="698" isDefault="false" isUsed="true" name="gap" type="Array(double)" value="{-0.00000000000000000e+00, 0.00000000000000000e+00, 0.00000000000000000e+00, 1.00000000000000089e-01}"/>
      <Parameter docString="" id="699" isDefault="false" isUsed="true" name="pitch" type="double" value="1.26000000000000001e+00"/>
      <Parameter docString="" id="700" isDefault="false" isUsed="true" name="radii" type="Array(double)" value="{4.09600000000000020e-01, 4.17999999999999983e-01, 4.74999999999999978e-01}"/>
      <Parameter docString="" id="701" isDefault="false" isUsed="true" name="radial matids" type="Array(int)" value="{331, 332, 333}"/>
      <Parameter docString="" id="702" isDefault="false" isUsed="true" name="matid" type="int" value="334"/>
    </ParameterList>
    <ParameterList id="709" name="pin_122">
      <Parameter docString="" id="704" isDefault="false" isUsed="true" name="gap" type="Array(double)" value="{-0.00000000000000000e+00, 0.00000000000000000e+00, 0.00000000000000000e+00, 1.00000000000000089e-01}"/>
      <Parameter docString="" id="705" isDefault="false" isUsed="true" name="pitch" type="double" value="1.26000000000000001e+00"/>
      <Parameter docString="" id="706" isDefault="false" isUsed="true" name="radii" type="Array(double)" value="{4.09600000000000020e-01, 4.17999999999999983e-01, 4.74999999999999978e-01}"/>
      <Parameter docString="" id="707" isDefault="false" isUsed="true" name="radial matids" type="Array(int)" value="{351, 352, 353}"/>
      <Parameter docString="" id="708" isDefault="false" isUsed="true" name="matid" type="int" value="354"/>
    </ParameterList>
    <ParameterList id="715" name="pin_123">
      <Parameter docString="" id="710" isDefault="false" isUsed="true" name="gap" type="Array(double)" value="{-0.00000000000000000e+00, 0.00000000000000000e+00, 0.00000000000000000e+00, 1.00000000000000089e-01}"/>
      <Parameter docString="" id="711" isDefault="false" isUsed="true" name="pitch" type="double" value="1.26000000000000001e+00"/>
      <Parameter docString="" id="712" isDefault="false" isUsed="true" name="radii" type="Array(double)" value="{4.09600000000000020e-01, 4.17999999999999983e-01, 4.74999999999999978e-01}"/>
      <Parameter docString="" id="713" isDefault="false" isUsed="true" name="radial matids" type="Array(int)" value="{369, 370, 371}"/>
      <Parameter docString="" id="714" isDefault="false" isUsed="true" name="matid" type="int" value="372"/>
    </ParameterList>
    <ParameterList id="721" name="pin_124">
      <Parameter docString="" id="716" isDefault="false" isUsed="true" name="gap" type="Array(double)" value="{0.00000000000000000e+00, 1.00000000000000089e-01, 0.00000000000000000e+00, 1.00000000000000089e-01}"/>
      <Parameter docString="" id="717" isDefault="false" isUsed="true" name="pitch" type="double" value="1.26000000000000001e+00"/>
      <Parameter docString="" id="718" isDefault="false" isUsed="true" name="radii" type="Array(double)" value="{4.09600000000000020e-01, 4.17999999999999983e-01, 4.74999999999999978e-01}"/>
      <Parameter docString="" id="719" isDefault="false" isUsed="true" name="radial matids" type="Array(int)" value="{389, 390, 391}"/>
      <Parameter docString="" id="720" isDefault="false" isUsed="true" name="matid" type="int" value="392"/>
    </ParameterList>
    <ParameterList id="724" name="pin_125">
      <Parameter docString="" id="722" isDefault="false" isUsed="true" name="pitch" type="double" value="6.50000000000000000e+00"/>
      <Parameter docString="" id="723" isDefault="false" isUsed="true" name="matid" type="int" value="491"/>
    </ParameterList>
  </ParameterList>
  <Validators/>
</ParameterList>

